

Microchip MPLAB XC8 Assembler V2.40 build 20220703182018 
                                                                                               Fri Apr 07 11:44:28 2023

Microchip MPLAB XC8 C Compiler v2.40 (Free license) build 20220703182018 Og1 
     1                           	processor	16F887
     2                           	pagewidth 120
     3                           	opt	flic
     4                           	psect	idataBANK0,global,class=CODE,delta=2,noexec
     5                           	psect	cinit,global,class=CODE,merge=1,delta=2
     6                           	psect	bssCOMMON,global,class=COMMON,space=1,delta=1,noexec
     7                           	psect	dataBANK0,global,class=BANK0,space=1,delta=1,noexec
     8                           	psect	inittext,global,class=CODE,delta=2
     9                           	psect	cstackCOMMON,global,class=COMMON,space=1,delta=1,noexec
    10                           	psect	maintext,global,class=CODE,split=1,delta=2
    11                           	psect	text1,local,class=CODE,merge=1,delta=2
    12                           	psect	text2,local,class=CODE,merge=1,delta=2
    13                           	psect	text3,local,class=CODE,merge=1,delta=2
    14                           	psect	idloc,global,abs,ovrld,class=IDLOC,space=5,delta=2,noexec
    15                           	psect	config,global,abs,ovrld,class=CONFIG,space=4,delta=2,noexec
    16                           	dabs	1,0x7E,2
    17     0000                     
    18                           ; Version 2.40
    19                           ; Generated 17/11/2021 GMT
    20                           ; 
    21                           ; Copyright © 2021, Microchip Technology Inc. and its subsidiaries ("Microchip")
    22                           ; All rights reserved.
    23                           ; 
    24                           ; This software is developed by Microchip Technology Inc. and its subsidiaries ("Microch
      +                          ip").
    25                           ; 
    26                           ; Redistribution and use in source and binary forms, with or without modification, are
    27                           ; permitted provided that the following conditions are met:
    28                           ; 
    29                           ;     1. Redistributions of source code must retain the above copyright notice, this lis
      +                          t of
    30                           ;        conditions and the following disclaimer.
    31                           ; 
    32                           ;     2. Redistributions in binary form must reproduce the above copyright notice, this 
      +                          list
    33                           ;        of conditions and the following disclaimer in the documentation and/or other
    34                           ;        materials provided with the distribution. Publication is not required when
    35                           ;        this file is used in an embedded application.
    36                           ; 
    37                           ;     3. Microchip's name may not be used to endorse or promote products derived from th
      +                          is
    38                           ;        software without specific prior written permission.
    39                           ; 
    40                           ; THIS SOFTWARE IS PROVIDED BY MICROCHIP "AS IS" AND ANY EXPRESS OR IMPLIED WARRANTIES,
    41                           ; INCLUDING, BUT NOT LIMITED TO, THE IMPLIED WARRANTIES OF MERCHANTABILITY AND FITNESS F
      +                          OR
    42                           ; PURPOSE ARE DISCLAIMED.  IN NO EVENT SHALL MICROCHIP BE LIABLE FOR ANY DIRECT, INDIREC
      +                          T,
    43                           ; INCIDENTAL, SPECIAL, EXEMPLARY, OR CONSEQUENTIAL DAMAGES (INCLUDING BUT NOT LIMITED TO
    44                           ; PROCUREMENT OF SUBSTITUTE GOODS OR SERVICES; LOSS OF USE, DATA OR PROFITS; OR BUSINESS
    45                           ; INTERRUPTION) HOWSOEVER CAUSED AND ON ANY THEORY OF LIABILITY, WHETHER IN CONTRACT, ST
      +                          RICT
    46                           ; LIABILITY, OR TORT (INCLUDING NEGLIGENCE OR OTHERWISE) ARISING IN ANY WAY OUT OF THE U
      +                          SE OF
    47                           ; THIS SOFTWARE, EVEN IF ADVISED OF THE POSSIBILITY OF SUCH DAMAGE.
    48                           ; 
    49                           ; 
    50                           ; Code-generator required, PIC16F887 Definitions
    51                           ; 
    52                           ; SFR Addresses
    53     0000                     	;# 
    54     0001                     	;# 
    55     0002                     	;# 
    56     0003                     	;# 
    57     0004                     	;# 
    58     0005                     	;# 
    59     0006                     	;# 
    60     0007                     	;# 
    61     0008                     	;# 
    62     0009                     	;# 
    63     000A                     	;# 
    64     000B                     	;# 
    65     000C                     	;# 
    66     000D                     	;# 
    67     000E                     	;# 
    68     000E                     	;# 
    69     000F                     	;# 
    70     0010                     	;# 
    71     0011                     	;# 
    72     0012                     	;# 
    73     0013                     	;# 
    74     0014                     	;# 
    75     0015                     	;# 
    76     0015                     	;# 
    77     0016                     	;# 
    78     0017                     	;# 
    79     0018                     	;# 
    80     0019                     	;# 
    81     001A                     	;# 
    82     001B                     	;# 
    83     001B                     	;# 
    84     001C                     	;# 
    85     001D                     	;# 
    86     001E                     	;# 
    87     001F                     	;# 
    88     0081                     	;# 
    89     0085                     	;# 
    90     0086                     	;# 
    91     0087                     	;# 
    92     0088                     	;# 
    93     0089                     	;# 
    94     008C                     	;# 
    95     008D                     	;# 
    96     008E                     	;# 
    97     008F                     	;# 
    98     0090                     	;# 
    99     0091                     	;# 
   100     0092                     	;# 
   101     0093                     	;# 
   102     0093                     	;# 
   103     0093                     	;# 
   104     0094                     	;# 
   105     0095                     	;# 
   106     0096                     	;# 
   107     0097                     	;# 
   108     0098                     	;# 
   109     0099                     	;# 
   110     009A                     	;# 
   111     009B                     	;# 
   112     009C                     	;# 
   113     009D                     	;# 
   114     009E                     	;# 
   115     009F                     	;# 
   116     0105                     	;# 
   117     0107                     	;# 
   118     0108                     	;# 
   119     0109                     	;# 
   120     010C                     	;# 
   121     010C                     	;# 
   122     010D                     	;# 
   123     010E                     	;# 
   124     010F                     	;# 
   125     0185                     	;# 
   126     0187                     	;# 
   127     0188                     	;# 
   128     0189                     	;# 
   129     018C                     	;# 
   130     018D                     	;# 
   131     0000                     	;# 
   132     0001                     	;# 
   133     0002                     	;# 
   134     0003                     	;# 
   135     0004                     	;# 
   136     0005                     	;# 
   137     0006                     	;# 
   138     0007                     	;# 
   139     0008                     	;# 
   140     0009                     	;# 
   141     000A                     	;# 
   142     000B                     	;# 
   143     000C                     	;# 
   144     000D                     	;# 
   145     000E                     	;# 
   146     000E                     	;# 
   147     000F                     	;# 
   148     0010                     	;# 
   149     0011                     	;# 
   150     0012                     	;# 
   151     0013                     	;# 
   152     0014                     	;# 
   153     0015                     	;# 
   154     0015                     	;# 
   155     0016                     	;# 
   156     0017                     	;# 
   157     0018                     	;# 
   158     0019                     	;# 
   159     001A                     	;# 
   160     001B                     	;# 
   161     001B                     	;# 
   162     001C                     	;# 
   163     001D                     	;# 
   164     001E                     	;# 
   165     001F                     	;# 
   166     0081                     	;# 
   167     0085                     	;# 
   168     0086                     	;# 
   169     0087                     	;# 
   170     0088                     	;# 
   171     0089                     	;# 
   172     008C                     	;# 
   173     008D                     	;# 
   174     008E                     	;# 
   175     008F                     	;# 
   176     0090                     	;# 
   177     0091                     	;# 
   178     0092                     	;# 
   179     0093                     	;# 
   180     0093                     	;# 
   181     0093                     	;# 
   182     0094                     	;# 
   183     0095                     	;# 
   184     0096                     	;# 
   185     0097                     	;# 
   186     0098                     	;# 
   187     0099                     	;# 
   188     009A                     	;# 
   189     009B                     	;# 
   190     009C                     	;# 
   191     009D                     	;# 
   192     009E                     	;# 
   193     009F                     	;# 
   194     0105                     	;# 
   195     0107                     	;# 
   196     0108                     	;# 
   197     0109                     	;# 
   198     010C                     	;# 
   199     010C                     	;# 
   200     010D                     	;# 
   201     010E                     	;# 
   202     010F                     	;# 
   203     0185                     	;# 
   204     0187                     	;# 
   205     0188                     	;# 
   206     0189                     	;# 
   207     018C                     	;# 
   208     018D                     	;# 
   209                           
   210                           	psect	idataBANK0
   211     0676                     __pidataBANK0:
   212                           
   213                           ;initializer for _led
   214     0676  3480               	retlw	128
   215     0677  3440               	retlw	64
   216     0678  3420               	retlw	32
   217     0679  3410               	retlw	16
   218     067A  3408               	retlw	8
   219     067B  3404               	retlw	4
   220     067C  3402               	retlw	2
   221     067D  3401               	retlw	1
   222     0008                     _PORTD	set	8
   223     0032                     _RB2	set	50
   224     0031                     _RB1	set	49
   225     0030                     _RB0	set	48
   226     0088                     _TRISD	set	136
   227     04A9                     _WPUB1	set	1193
   228     04A8                     _WPUB0	set	1192
   229     040F                     _nRBPU	set	1039
   230     0431                     _TRISB1	set	1073
   231     0430                     _TRISB0	set	1072
   232     0189                     _ANSELH	set	393
   233     0188                     _ANSEL	set	392
   234                           
   235                           	psect	cinit
   236     07EC                     start_initialization:	
   237                           ; #config settings
   238                           
   239     07EC                     __initialization:
   240                           
   241                           ; Initialize objects allocated to BANK0
   242     07EC  1383               	bcf	3,7	;select IRP bank0
   243     07ED  3028               	movlw	low (__pdataBANK0+8)
   244     07EE  00FD               	movwf	btemp+-1
   245     07EF  3006               	movlw	high __pidataBANK0
   246     07F0  00FE               	movwf	btemp
   247     07F1  3076               	movlw	low __pidataBANK0
   248     07F2  00FF               	movwf	btemp+1
   249     07F3  3020               	movlw	low __pdataBANK0
   250     07F4  0084               	movwf	4
   251     07F5  120A  118A  2682  120A  118A  	fcall	init_ram0
   252                           
   253                           ; Clear objects allocated to COMMON
   254     07FA  01F9               	clrf	__pbssCOMMON& (0+127)
   255     07FB  01FA               	clrf	(__pbssCOMMON+1)& (0+127)
   256     07FC                     end_of_initialization:	
   257                           ;End of C runtime variable initialization code
   258                           
   259     07FC                     __end_of__initialization:
   260     07FC  0183               	clrf	3
   261     07FD  120A  118A  2F82   	ljmp	_main	;jump to C main() function
   262                           
   263                           	psect	bssCOMMON
   264     0079                     __pbssCOMMON:
   265     0079                     _i:
   266     0079                     	ds	1
   267     007A                     _j:
   268     007A                     	ds	1
   269                           
   270                           	psect	dataBANK0
   271     0020                     __pdataBANK0:
   272     0020                     _led:
   273     0020                     	ds	8
   274                           
   275                           	psect	inittext
   276     067E                     init_fetch0:	
   277                           ;	Called with low address in FSR and high address in W
   278                           
   279     067E  087E               	movf	btemp,w
   280     067F  008A               	movwf	10
   281     0680  087F               	movf	btemp+1,w
   282     0681  0082               	movwf	2
   283     0682                     init_ram0:	
   284                           ;Called with:
   285                           ;	high address of idata address in btemp 
   286                           ;	low address of idata address in btemp+1 
   287                           ;	low address of data in FSR
   288                           ;	high address + 1 of data in btemp-1
   289                           
   290     0682  120A  118A  267E  120A  118A  	fcall	init_fetch0
   291     0687  0080               	movwf	0
   292     0688  0A84               	incf	4,f
   293     0689  0804               	movf	4,w
   294     068A  067D               	xorwf	btemp+-1,w
   295     068B  1903               	btfsc	3,2
   296     068C  3400               	retlw	0
   297     068D  0AFF               	incf	btemp+1,f
   298     068E  1903               	btfsc	3,2
   299     068F  0AFE               	incf	btemp,f
   300     0690  2E82               	goto	init_ram0
   301                           
   302                           	psect	cstackCOMMON
   303     0070                     __pcstackCOMMON:
   304     0070                     ?_ledsangduoi:
   305     0070                     ?_ledsangdan:	
   306                           ; 1 bytes @ 0x0
   307                           
   308     0070                     ?_ledsangdon:	
   309                           ; 1 bytes @ 0x0
   310                           
   311     0070                     ?_main:	
   312                           ; 1 bytes @ 0x0
   313                           
   314     0070                     ledsangduoi@n:	
   315                           ; 1 bytes @ 0x0
   316                           
   317     0070                     ledsangdan@n:	
   318                           ; 2 bytes @ 0x0
   319                           
   320     0070                     ledsangdon@n:	
   321                           ; 2 bytes @ 0x0
   322                           
   323                           
   324                           ; 2 bytes @ 0x0
   325     0070                     	ds	2
   326     0072                     ??_ledsangduoi:
   327     0072                     ??_ledsangdan:	
   328                           ; 1 bytes @ 0x2
   329                           
   330     0072                     ??_ledsangdon:	
   331                           ; 1 bytes @ 0x2
   332                           
   333                           
   334                           ; 1 bytes @ 0x2
   335     0072                     	ds	3
   336     0075                     ledsangdon@a:
   337     0075                     ledsangdan@b:	
   338                           ; 1 bytes @ 0x5
   339                           
   340                           
   341                           ; 2 bytes @ 0x5
   342     0075                     	ds	2
   343     0077                     ??_main:
   344                           
   345                           ; 1 bytes @ 0x7
   346     0077                     	ds	2
   347                           
   348                           	psect	maintext
   349     0782                     __pmaintext:	
   350 ;;
   351 ;;Main: autosize = 0, tempsize = 2, incstack = 0, save=0
   352 ;;
   353 ;; *************** function _main *****************
   354 ;; Defined at:
   355 ;;		line 90 in file "giao tiep nut nhan voi led.c"
   356 ;; Parameters:    Size  Location     Type
   357 ;;		None
   358 ;; Auto vars:     Size  Location     Type
   359 ;;		None
   360 ;; Return value:  Size  Location     Type
   361 ;;                  1    wreg      void 
   362 ;; Registers used:
   363 ;;		wreg, fsr0l, fsr0h, status,2, status,0, pclath, cstack
   364 ;; Tracked objects:
   365 ;;		On entry : B00/0
   366 ;;		On exit  : 0/0
   367 ;;		Unchanged: 0/0
   368 ;; Data sizes:     COMMON   BANK0   BANK1   BANK3   BANK2
   369 ;;      Params:         0       0       0       0       0
   370 ;;      Locals:         0       0       0       0       0
   371 ;;      Temps:          2       0       0       0       0
   372 ;;      Totals:         2       0       0       0       0
   373 ;;Total ram usage:        2 bytes
   374 ;; Hardware stack levels required when called: 1
   375 ;; This function calls:
   376 ;;		_ledsangdan
   377 ;;		_ledsangdon
   378 ;;		_ledsangduoi
   379 ;; This function is called by:
   380 ;;		Startup code after reset
   381 ;; This function uses a non-reentrant model
   382 ;;
   383                           
   384     0782                     _main:	
   385                           ;psect for function _main
   386                           
   387     0782                     l847:	
   388                           ;incstack = 0
   389                           ; Regs used in _main: [wreg-fsr0h+status,2+status,0+pclath+cstack]
   390                           
   391                           
   392                           ;giao tiep nut nhan voi led.c: 91:     ANSEL = ANSELH =0x00;
   393     0782  1683               	bsf	3,5	;RP0=1, select bank3
   394     0783  1703               	bsf	3,6	;RP1=1, select bank3
   395     0784  0189               	clrf	9	;volatile
   396     0785  0188               	clrf	8	;volatile
   397     0786                     l849:
   398                           
   399                           ;giao tiep nut nhan voi led.c: 92:     TRISB0=1;
   400     0786  1683               	bsf	3,5	;RP0=1, select bank1
   401     0787  1303               	bcf	3,6	;RP1=0, select bank1
   402     0788  1406               	bsf	6,0	;volatile
   403     0789                     l851:
   404                           
   405                           ;giao tiep nut nhan voi led.c: 93:     TRISB1=1;
   406     0789  1486               	bsf	6,1	;volatile
   407     078A                     l853:
   408                           
   409                           ;giao tiep nut nhan voi led.c: 94:     nRBPU=0;
   410     078A  1381               	bcf	1,7	;volatile
   411     078B                     l855:
   412                           
   413                           ;giao tiep nut nhan voi led.c: 95:     WPUB0=1;
   414     078B  1415               	bsf	21,0	;volatile
   415     078C                     l857:
   416                           
   417                           ;giao tiep nut nhan voi led.c: 96:     WPUB1=1;
   418     078C  1495               	bsf	21,1	;volatile
   419                           
   420                           ;giao tiep nut nhan voi led.c: 97:     TRISD=0x00;
   421     078D  0188               	clrf	8	;volatile
   422                           
   423                           ;giao tiep nut nhan voi led.c: 98:     PORTD=0x00;
   424     078E  1283               	bcf	3,5	;RP0=0, select bank0
   425     078F  1303               	bcf	3,6	;RP1=0, select bank0
   426     0790  0188               	clrf	8	;volatile
   427     0791                     l859:
   428                           
   429                           ;giao tiep nut nhan voi led.c: 102:     {;giao tiep nut nhan voi led.c: 103:         if(
      +                          RB0==0 )
   430     0791  1806               	btfsc	6,0	;volatile
   431     0792  2F94               	goto	u231
   432     0793  2F95               	goto	u230
   433     0794                     u231:
   434     0794  2FAE               	goto	l65
   435     0795                     u230:
   436     0795                     l861:
   437                           
   438                           ;giao tiep nut nhan voi led.c: 104:         {;giao tiep nut nhan voi led.c: 105:        
      +                               _delay((unsigned long)((10)*(4000000/4000.0)));
   439     0795  300D               	movlw	13
   440     0796  00F8               	movwf	??_main+1
   441     0797  30FB               	movlw	251
   442     0798  00F7               	movwf	??_main
   443     0799                     u297:
   444     0799  0BF7               	decfsz	??_main,f
   445     079A  2F99               	goto	u297
   446     079B  0BF8               	decfsz	??_main+1,f
   447     079C  2F99               	goto	u297
   448     079D  2F9E               	nop2
   449                           
   450                           ;giao tiep nut nhan voi led.c: 108:             while(RB0==0)
   451     079E  2FA8               	goto	l865
   452     079F                     l863:
   453                           
   454                           ;giao tiep nut nhan voi led.c: 109:             {;giao tiep nut nhan voi led.c: 110:    
      +                                       ledsangduoi(1);
   455     079F  3001               	movlw	1
   456     07A0  00F0               	movwf	ledsangduoi@n
   457     07A1  3000               	movlw	0
   458     07A2  00F1               	movwf	ledsangduoi@n+1
   459     07A3  120A  118A  2691  120A  118A  	fcall	_ledsangduoi
   460     07A8                     l865:
   461                           
   462                           ;giao tiep nut nhan voi led.c: 108:             while(RB0==0)
   463     07A8  1283               	bcf	3,5	;RP0=0, select bank0
   464     07A9  1303               	bcf	3,6	;RP1=0, select bank0
   465     07AA  1C06               	btfss	6,0	;volatile
   466     07AB  2FAD               	goto	u241
   467     07AC  2FAE               	goto	u240
   468     07AD                     u241:
   469     07AD  2F9F               	goto	l863
   470     07AE                     u240:
   471     07AE                     l65:	
   472                           ;giao tiep nut nhan voi led.c: 112:         }
   473                           
   474                           
   475                           ;giao tiep nut nhan voi led.c: 113:         if(RB1==0)
   476     07AE  1886               	btfsc	6,1	;volatile
   477     07AF  2FB1               	goto	u251
   478     07B0  2FB2               	goto	u250
   479     07B1                     u251:
   480     07B1  2FCB               	goto	l69
   481     07B2                     u250:
   482     07B2                     l867:
   483                           
   484                           ;giao tiep nut nhan voi led.c: 114:         {;giao tiep nut nhan voi led.c: 115:        
      +                               _delay((unsigned long)((10)*(4000000/4000.0)));
   485     07B2  300D               	movlw	13
   486     07B3  00F8               	movwf	??_main+1
   487     07B4  30FB               	movlw	251
   488     07B5  00F7               	movwf	??_main
   489     07B6                     u307:
   490     07B6  0BF7               	decfsz	??_main,f
   491     07B7  2FB6               	goto	u307
   492     07B8  0BF8               	decfsz	??_main+1,f
   493     07B9  2FB6               	goto	u307
   494     07BA  2FBB               	nop2
   495                           
   496                           ;giao tiep nut nhan voi led.c: 118:             while(RB1==0)
   497     07BB  2FC5               	goto	l871
   498     07BC                     l869:
   499                           
   500                           ;giao tiep nut nhan voi led.c: 119:             {;giao tiep nut nhan voi led.c: 120:    
      +                                       ledsangdan(1);
   501     07BC  3001               	movlw	1
   502     07BD  00F0               	movwf	ledsangdan@n
   503     07BE  3000               	movlw	0
   504     07BF  00F1               	movwf	ledsangdan@n+1
   505     07C0  120A  118A  26C6  120A  118A  	fcall	_ledsangdan
   506     07C5                     l871:
   507                           
   508                           ;giao tiep nut nhan voi led.c: 118:             while(RB1==0)
   509     07C5  1283               	bcf	3,5	;RP0=0, select bank0
   510     07C6  1303               	bcf	3,6	;RP1=0, select bank0
   511     07C7  1C86               	btfss	6,1	;volatile
   512     07C8  2FCA               	goto	u261
   513     07C9  2FCB               	goto	u260
   514     07CA                     u261:
   515     07CA  2FBC               	goto	l869
   516     07CB                     u260:
   517     07CB                     l69:	
   518                           ;giao tiep nut nhan voi led.c: 122:         }
   519                           
   520                           
   521                           ;giao tiep nut nhan voi led.c: 123:         if(RB2==0)
   522     07CB  1906               	btfsc	6,2	;volatile
   523     07CC  2FCE               	goto	u271
   524     07CD  2FCF               	goto	u270
   525     07CE                     u271:
   526     07CE  2F91               	goto	l859
   527     07CF                     u270:
   528     07CF                     l873:
   529                           
   530                           ;giao tiep nut nhan voi led.c: 124:         {;giao tiep nut nhan voi led.c: 125:        
      +                               _delay((unsigned long)((10)*(4000000/4000.0)));
   531     07CF  300D               	movlw	13
   532     07D0  00F8               	movwf	??_main+1
   533     07D1  30FB               	movlw	251
   534     07D2  00F7               	movwf	??_main
   535     07D3                     u317:
   536     07D3  0BF7               	decfsz	??_main,f
   537     07D4  2FD3               	goto	u317
   538     07D5  0BF8               	decfsz	??_main+1,f
   539     07D6  2FD3               	goto	u317
   540     07D7  2FD8               	nop2
   541                           
   542                           ;giao tiep nut nhan voi led.c: 128:             while(RB2==0)
   543     07D8  2FE2               	goto	l877
   544     07D9                     l875:
   545                           
   546                           ;giao tiep nut nhan voi led.c: 129:             {;giao tiep nut nhan voi led.c: 130:    
      +                                       ledsangdon(1);
   547     07D9  3001               	movlw	1
   548     07DA  00F0               	movwf	ledsangdon@n
   549     07DB  3000               	movlw	0
   550     07DC  00F1               	movwf	ledsangdon@n+1
   551     07DD  120A  118A  271A  120A  118A  	fcall	_ledsangdon
   552     07E2                     l877:
   553                           
   554                           ;giao tiep nut nhan voi led.c: 128:             while(RB2==0)
   555     07E2  1283               	bcf	3,5	;RP0=0, select bank0
   556     07E3  1303               	bcf	3,6	;RP1=0, select bank0
   557     07E4  1D06               	btfss	6,2	;volatile
   558     07E5  2FE7               	goto	u281
   559     07E6  2FE8               	goto	u280
   560     07E7                     u281:
   561     07E7  2FD9               	goto	l875
   562     07E8                     u280:
   563     07E8  2F91               	goto	l859
   564     07E9  120A  118A  2800   	ljmp	start
   565     07EC                     __end_of_main:
   566                           
   567                           	psect	text1
   568     0691                     __ptext1:	
   569 ;; *************** function _ledsangduoi *****************
   570 ;; Defined at:
   571 ;;		line 40 in file "giao tiep nut nhan voi led.c"
   572 ;; Parameters:    Size  Location     Type
   573 ;;  n               2    0[COMMON] unsigned int 
   574 ;; Auto vars:     Size  Location     Type
   575 ;;		None
   576 ;; Return value:  Size  Location     Type
   577 ;;                  1    wreg      void 
   578 ;; Registers used:
   579 ;;		wreg, fsr0l, fsr0h, status,2, status,0
   580 ;; Tracked objects:
   581 ;;		On entry : 0/0
   582 ;;		On exit  : 0/0
   583 ;;		Unchanged: 0/0
   584 ;; Data sizes:     COMMON   BANK0   BANK1   BANK3   BANK2
   585 ;;      Params:         2       0       0       0       0
   586 ;;      Locals:         0       0       0       0       0
   587 ;;      Temps:          3       0       0       0       0
   588 ;;      Totals:         5       0       0       0       0
   589 ;;Total ram usage:        5 bytes
   590 ;; Hardware stack levels used: 1
   591 ;; This function calls:
   592 ;;		Nothing
   593 ;; This function is called by:
   594 ;;		_main
   595 ;; This function uses a non-reentrant model
   596 ;;
   597                           
   598     0691                     _ledsangduoi:	
   599                           ;psect for function _ledsangduoi
   600                           
   601     0691                     l775:	
   602                           ;incstack = 0
   603                           ; Regs used in _ledsangduoi: [wreg-fsr0h+status,2+status,0]
   604                           
   605                           
   606                           ;giao tiep nut nhan voi led.c: 40: void ledsangduoi( unsigned int n);giao tiep nut nhan 
      +                          voi led.c: 41: {;giao tiep nut nhan voi led.c: 42:     while(n--)
   607     0691  2EB7               	goto	l793
   608     0692                     l777:
   609                           
   610                           ;giao tiep nut nhan voi led.c: 43:     {;giao tiep nut nhan voi led.c: 44:         for(i
      +                          =0;i<8;i++)
   611     0692  01F9               	clrf	_i
   612     0693                     l779:
   613     0693  3008               	movlw	8
   614     0694  0279               	subwf	_i,w
   615     0695  1C03               	skipc
   616     0696  2E98               	goto	u151
   617     0697  2E99               	goto	u150
   618     0698                     u151:
   619     0698  2E9A               	goto	l783
   620     0699                     u150:
   621     0699  2EB4               	goto	l791
   622     069A                     l783:
   623                           
   624                           ;giao tiep nut nhan voi led.c: 45:         {;giao tiep nut nhan voi led.c: 46:          
      +                             PORTD =led[i];
   625     069A  0879               	movf	_i,w
   626     069B  3E20               	addlw	(low (_led| 0))& (0+255)
   627     069C  0084               	movwf	4
   628     069D  1383               	bcf	3,7	;select IRP bank0
   629     069E  0800               	movf	0,w
   630     069F  1283               	bcf	3,5	;RP0=0, select bank0
   631     06A0  1303               	bcf	3,6	;RP1=0, select bank0
   632     06A1  0088               	movwf	8	;volatile
   633     06A2                     l785:
   634                           
   635                           ;giao tiep nut nhan voi led.c: 47:             _delay((unsigned long)((500)*(4000000/400
      +                          0.0)));
   636     06A2  3003               	movlw	3
   637     06A3  00F4               	movwf	??_ledsangduoi+2
   638     06A4  308A               	movlw	138
   639     06A5  00F3               	movwf	??_ledsangduoi+1
   640     06A6  3055               	movlw	85
   641     06A7  00F2               	movwf	??_ledsangduoi
   642     06A8                     u327:
   643     06A8  0BF2               	decfsz	??_ledsangduoi,f
   644     06A9  2EA8               	goto	u327
   645     06AA  0BF3               	decfsz	??_ledsangduoi+1,f
   646     06AB  2EA8               	goto	u327
   647     06AC  0BF4               	decfsz	??_ledsangduoi+2,f
   648     06AD  2EA8               	goto	u327
   649     06AE  2EAF               	nop2
   650     06AF                     l787:
   651                           
   652                           ;giao tiep nut nhan voi led.c: 48:         }
   653     06AF  3001               	movlw	1
   654     06B0  00F2               	movwf	??_ledsangduoi
   655     06B1  0872               	movf	??_ledsangduoi,w
   656     06B2  07F9               	addwf	_i,f
   657     06B3  2E93               	goto	l779
   658     06B4                     l791:
   659                           
   660                           ;giao tiep nut nhan voi led.c: 49:         PORTD =0x00;
   661     06B4  1283               	bcf	3,5	;RP0=0, select bank0
   662     06B5  1303               	bcf	3,6	;RP1=0, select bank0
   663     06B6  0188               	clrf	8	;volatile
   664     06B7                     l793:
   665                           
   666                           ;giao tiep nut nhan voi led.c: 42:     while(n--)
   667     06B7  3001               	movlw	1
   668     06B8  02F0               	subwf	ledsangduoi@n,f
   669     06B9  3000               	movlw	0
   670     06BA  1C03               	skipc
   671     06BB  03F1               	decf	ledsangduoi@n+1,f
   672     06BC  02F1               	subwf	ledsangduoi@n+1,f
   673     06BD  0A70               	incf	ledsangduoi@n,w
   674     06BE  1D03               	skipz
   675     06BF  2EC4               	goto	u161
   676     06C0  0A71               	incf	ledsangduoi@n+1,w
   677     06C1  1D03               	btfss	3,2
   678     06C2  2EC4               	goto	u161
   679     06C3  2EC5               	goto	u160
   680     06C4                     u161:
   681     06C4  2E92               	goto	l777
   682     06C5                     u160:
   683     06C5                     l40:
   684     06C5  0008               	return
   685     06C6                     __end_of_ledsangduoi:
   686                           
   687                           	psect	text2
   688     071A                     __ptext2:	
   689 ;; *************** function _ledsangdon *****************
   690 ;; Defined at:
   691 ;;		line 71 in file "giao tiep nut nhan voi led.c"
   692 ;; Parameters:    Size  Location     Type
   693 ;;  n               2    0[COMMON] unsigned int 
   694 ;; Auto vars:     Size  Location     Type
   695 ;;  a               1    5[COMMON] unsigned char 
   696 ;; Return value:  Size  Location     Type
   697 ;;                  1    wreg      void 
   698 ;; Registers used:
   699 ;;		wreg, status,2, status,0
   700 ;; Tracked objects:
   701 ;;		On entry : 0/0
   702 ;;		On exit  : 0/0
   703 ;;		Unchanged: 0/0
   704 ;; Data sizes:     COMMON   BANK0   BANK1   BANK3   BANK2
   705 ;;      Params:         2       0       0       0       0
   706 ;;      Locals:         1       0       0       0       0
   707 ;;      Temps:          3       0       0       0       0
   708 ;;      Totals:         6       0       0       0       0
   709 ;;Total ram usage:        6 bytes
   710 ;; Hardware stack levels used: 1
   711 ;; This function calls:
   712 ;;		Nothing
   713 ;; This function is called by:
   714 ;;		_main
   715 ;; This function uses a non-reentrant model
   716 ;;
   717                           
   718     071A                     _ledsangdon:	
   719                           ;psect for function _ledsangdon
   720                           
   721     071A                     l819:	
   722                           ;incstack = 0
   723                           ; Regs used in _ledsangdon: [wreg+status,2+status,0]
   724                           
   725                           
   726                           ;giao tiep nut nhan voi led.c: 71: void ledsangdon(unsigned int n);giao tiep nut nhan vo
      +                          i led.c: 72: {;giao tiep nut nhan voi led.c: 73:     unsigned char a = 0x00;
   727     071A  01F5               	clrf	ledsangdon@a
   728                           
   729                           ;giao tiep nut nhan voi led.c: 74:     while(n--)
   730     071B  2F73               	goto	l845
   731     071C                     l821:
   732                           
   733                           ;giao tiep nut nhan voi led.c: 75:     {;giao tiep nut nhan voi led.c: 76:         for(i
      +                          =0;i<8;i++)
   734     071C  01F9               	clrf	_i
   735     071D                     l823:
   736     071D  3008               	movlw	8
   737     071E  0279               	subwf	_i,w
   738     071F  1C03               	skipc
   739     0720  2F22               	goto	u191
   740     0721  2F23               	goto	u190
   741     0722                     u191:
   742     0722  2F24               	goto	l827
   743     0723                     u190:
   744     0723  2F70               	goto	l843
   745     0724                     l827:
   746                           
   747                           ;giao tiep nut nhan voi led.c: 77:         {;giao tiep nut nhan voi led.c: 78:          
      +                             for(j=0;j<8-i;j++)
   748     0724  01FA               	clrf	_j
   749     0725  2F48               	goto	l835
   750     0726                     l829:
   751                           
   752                           ;giao tiep nut nhan voi led.c: 79:             {;giao tiep nut nhan voi led.c: 80:      
      +                                     PORTD=(0x80>>j)|a;
   753     0726  0A7A               	incf	_j,w
   754     0727  00F2               	movwf	??_ledsangdon
   755     0728  3080               	movlw	128
   756     0729  00F3               	movwf	??_ledsangdon+1
   757     072A  3000               	movlw	0
   758     072B  00F4               	movwf	??_ledsangdon+2
   759     072C  2F30               	goto	u204
   760     072D                     u205:
   761     072D  0D74               	rlf	??_ledsangdon+2,w
   762     072E  0CF4               	rrf	??_ledsangdon+2,f
   763     072F  0CF3               	rrf	??_ledsangdon+1,f
   764     0730                     u204:
   765     0730  0BF2               	decfsz	??_ledsangdon,f
   766     0731  2F2D               	goto	u205
   767     0732  0873               	movf	??_ledsangdon+1,w
   768     0733  0475               	iorwf	ledsangdon@a,w
   769     0734  1283               	bcf	3,5	;RP0=0, select bank0
   770     0735  1303               	bcf	3,6	;RP1=0, select bank0
   771     0736  0088               	movwf	8	;volatile
   772     0737                     l831:
   773                           
   774                           ;giao tiep nut nhan voi led.c: 81:                 _delay((unsigned long)((200)*(4000000
      +                          /4000.0)));
   775     0737  3002               	movlw	2
   776     0738  00F4               	movwf	??_ledsangdon+2
   777     0739  3004               	movlw	4
   778     073A  00F3               	movwf	??_ledsangdon+1
   779     073B  30BA               	movlw	186
   780     073C  00F2               	movwf	??_ledsangdon
   781     073D                     u337:
   782     073D  0BF2               	decfsz	??_ledsangdon,f
   783     073E  2F3D               	goto	u337
   784     073F  0BF3               	decfsz	??_ledsangdon+1,f
   785     0740  2F3D               	goto	u337
   786     0741  0BF4               	decfsz	??_ledsangdon+2,f
   787     0742  2F3D               	goto	u337
   788     0743  0000               	nop
   789     0744                     l833:
   790                           
   791                           ;giao tiep nut nhan voi led.c: 82:             }
   792     0744  3001               	movlw	1
   793     0745  00F2               	movwf	??_ledsangdon
   794     0746  0872               	movf	??_ledsangdon,w
   795     0747  07FA               	addwf	_j,f
   796     0748                     l835:
   797     0748  3000               	movlw	0
   798     0749  00F3               	movwf	??_ledsangdon+1
   799     074A  0879               	movf	_i,w
   800     074B  3C08               	sublw	8
   801     074C  00F2               	movwf	??_ledsangdon
   802     074D  1C03               	skipc
   803     074E  03F3               	decf	??_ledsangdon+1,f
   804     074F  0873               	movf	??_ledsangdon+1,w
   805     0750  3A80               	xorlw	128
   806     0751  3C80               	sublw	128
   807     0752  1D03               	skipz
   808     0753  2F56               	goto	u215
   809     0754  0872               	movf	??_ledsangdon,w
   810     0755  027A               	subwf	_j,w
   811     0756                     u215:
   812     0756  1C03               	skipc
   813     0757  2F59               	goto	u211
   814     0758  2F5A               	goto	u210
   815     0759                     u211:
   816     0759  2F26               	goto	l829
   817     075A                     u210:
   818     075A                     l837:
   819                           
   820                           ;giao tiep nut nhan voi led.c: 83:             a = PORTD;
   821     075A  1283               	bcf	3,5	;RP0=0, select bank0
   822     075B  1303               	bcf	3,6	;RP1=0, select bank0
   823     075C  0808               	movf	8,w	;volatile
   824     075D  00F5               	movwf	ledsangdon@a
   825                           
   826                           ;giao tiep nut nhan voi led.c: 84:             _delay((unsigned long)((200)*(4000000/400
      +                          0.0)));
   827     075E  3002               	movlw	2
   828     075F  00F4               	movwf	??_ledsangdon+2
   829     0760  3004               	movlw	4
   830     0761  00F3               	movwf	??_ledsangdon+1
   831     0762  30BA               	movlw	186
   832     0763  00F2               	movwf	??_ledsangdon
   833     0764                     u347:
   834     0764  0BF2               	decfsz	??_ledsangdon,f
   835     0765  2F64               	goto	u347
   836     0766  0BF3               	decfsz	??_ledsangdon+1,f
   837     0767  2F64               	goto	u347
   838     0768  0BF4               	decfsz	??_ledsangdon+2,f
   839     0769  2F64               	goto	u347
   840     076A  0000               	nop
   841     076B                     l839:
   842                           
   843                           ;giao tiep nut nhan voi led.c: 85:         }
   844     076B  3001               	movlw	1
   845     076C  00F2               	movwf	??_ledsangdon
   846     076D  0872               	movf	??_ledsangdon,w
   847     076E  07F9               	addwf	_i,f
   848     076F  2F1D               	goto	l823
   849     0770                     l843:
   850                           
   851                           ;giao tiep nut nhan voi led.c: 86:         PORTD=0x00;
   852     0770  1283               	bcf	3,5	;RP0=0, select bank0
   853     0771  1303               	bcf	3,6	;RP1=0, select bank0
   854     0772  0188               	clrf	8	;volatile
   855     0773                     l845:
   856                           
   857                           ;giao tiep nut nhan voi led.c: 74:     while(n--)
   858     0773  3001               	movlw	1
   859     0774  02F0               	subwf	ledsangdon@n,f
   860     0775  3000               	movlw	0
   861     0776  1C03               	skipc
   862     0777  03F1               	decf	ledsangdon@n+1,f
   863     0778  02F1               	subwf	ledsangdon@n+1,f
   864     0779  0A70               	incf	ledsangdon@n,w
   865     077A  1D03               	skipz
   866     077B  2F80               	goto	u221
   867     077C  0A71               	incf	ledsangdon@n+1,w
   868     077D  1D03               	btfss	3,2
   869     077E  2F80               	goto	u221
   870     077F  2F81               	goto	u220
   871     0780                     u221:
   872     0780  2F1C               	goto	l821
   873     0781                     u220:
   874     0781                     l59:
   875     0781  0008               	return
   876     0782                     __end_of_ledsangdon:
   877                           
   878                           	psect	text3
   879     06C6                     __ptext3:	
   880 ;; *************** function _ledsangdan *****************
   881 ;; Defined at:
   882 ;;		line 53 in file "giao tiep nut nhan voi led.c"
   883 ;; Parameters:    Size  Location     Type
   884 ;;  n               2    0[COMMON] unsigned int 
   885 ;; Auto vars:     Size  Location     Type
   886 ;;  b               2    5[COMMON] unsigned int 
   887 ;; Return value:  Size  Location     Type
   888 ;;                  1    wreg      void 
   889 ;; Registers used:
   890 ;;		wreg, status,2, status,0
   891 ;; Tracked objects:
   892 ;;		On entry : 0/0
   893 ;;		On exit  : 0/0
   894 ;;		Unchanged: 0/0
   895 ;; Data sizes:     COMMON   BANK0   BANK1   BANK3   BANK2
   896 ;;      Params:         2       0       0       0       0
   897 ;;      Locals:         2       0       0       0       0
   898 ;;      Temps:          3       0       0       0       0
   899 ;;      Totals:         7       0       0       0       0
   900 ;;Total ram usage:        7 bytes
   901 ;; Hardware stack levels used: 1
   902 ;; This function calls:
   903 ;;		Nothing
   904 ;; This function is called by:
   905 ;;		_main
   906 ;; This function uses a non-reentrant model
   907 ;;
   908                           
   909     06C6                     _ledsangdan:	
   910                           ;psect for function _ledsangdan
   911                           
   912     06C6                     l795:	
   913                           ;incstack = 0
   914                           ; Regs used in _ledsangdan: [wreg+status,2+status,0]
   915                           
   916                           
   917                           ;giao tiep nut nhan voi led.c: 53: void ledsangdan (unsigned int n);giao tiep nut nhan v
      +                          oi led.c: 54: {;giao tiep nut nhan voi led.c: 55:     unsigned b = 0x01;
   918     06C6  3001               	movlw	1
   919     06C7  00F5               	movwf	ledsangdan@b
   920     06C8  3000               	movlw	0
   921     06C9  00F6               	movwf	ledsangdan@b+1
   922                           
   923                           ;giao tiep nut nhan voi led.c: 56:     while (n--)
   924     06CA  2F0B               	goto	l817
   925     06CB                     l797:
   926                           
   927                           ;giao tiep nut nhan voi led.c: 57:     {;giao tiep nut nhan voi led.c: 58:         PORTD
      +                          =0x00;
   928     06CB  1283               	bcf	3,5	;RP0=0, select bank0
   929     06CC  1303               	bcf	3,6	;RP1=0, select bank0
   930     06CD  0188               	clrf	8	;volatile
   931     06CE                     l799:
   932                           
   933                           ;giao tiep nut nhan voi led.c: 59:         _delay((unsigned long)((500)*(4000000/4000.0)
      +                          ));
   934     06CE  3003               	movlw	3
   935     06CF  00F4               	movwf	??_ledsangdan+2
   936     06D0  308A               	movlw	138
   937     06D1  00F3               	movwf	??_ledsangdan+1
   938     06D2  3055               	movlw	85
   939     06D3  00F2               	movwf	??_ledsangdan
   940     06D4                     u357:
   941     06D4  0BF2               	decfsz	??_ledsangdan,f
   942     06D5  2ED4               	goto	u357
   943     06D6  0BF3               	decfsz	??_ledsangdan+1,f
   944     06D7  2ED4               	goto	u357
   945     06D8  0BF4               	decfsz	??_ledsangdan+2,f
   946     06D9  2ED4               	goto	u357
   947     06DA  2EDB               	nop2
   948     06DB                     l801:
   949                           
   950                           ;giao tiep nut nhan voi led.c: 60:         PORTD=b;
   951     06DB  0875               	movf	ledsangdan@b,w
   952     06DC  1283               	bcf	3,5	;RP0=0, select bank0
   953     06DD  1303               	bcf	3,6	;RP1=0, select bank0
   954     06DE  0088               	movwf	8	;volatile
   955                           
   956                           ;giao tiep nut nhan voi led.c: 61:         for(i=0;i<8;i++)
   957     06DF  01F9               	clrf	_i
   958     06E0                     l803:
   959     06E0  3008               	movlw	8
   960     06E1  0279               	subwf	_i,w
   961     06E2  1C03               	skipc
   962     06E3  2EE5               	goto	u171
   963     06E4  2EE6               	goto	u170
   964     06E5                     u171:
   965     06E5  2EE7               	goto	l807
   966     06E6                     u170:
   967     06E6  2F08               	goto	l815
   968     06E7                     l807:
   969                           
   970                           ;giao tiep nut nhan voi led.c: 62:         {;giao tiep nut nhan voi led.c: 63:          
      +                             b |= (b<< 1);
   971     06E7  0876               	movf	ledsangdan@b+1,w
   972     06E8  00F3               	movwf	??_ledsangdan+1
   973     06E9  0875               	movf	ledsangdan@b,w
   974     06EA  00F2               	movwf	??_ledsangdan
   975     06EB  1003               	clrc
   976     06EC  0DF2               	rlf	??_ledsangdan,f
   977     06ED  0DF3               	rlf	??_ledsangdan+1,f
   978     06EE  0872               	movf	??_ledsangdan,w
   979     06EF  04F5               	iorwf	ledsangdan@b,f
   980     06F0  0873               	movf	??_ledsangdan+1,w
   981     06F1  04F6               	iorwf	ledsangdan@b+1,f
   982     06F2                     l809:
   983                           
   984                           ;giao tiep nut nhan voi led.c: 64:             PORTD=b;
   985     06F2  0875               	movf	ledsangdan@b,w
   986     06F3  1283               	bcf	3,5	;RP0=0, select bank0
   987     06F4  1303               	bcf	3,6	;RP1=0, select bank0
   988     06F5  0088               	movwf	8	;volatile
   989     06F6                     l811:
   990                           
   991                           ;giao tiep nut nhan voi led.c: 65:             _delay((unsigned long)((500)*(4000000/400
      +                          0.0)));
   992     06F6  3003               	movlw	3
   993     06F7  00F4               	movwf	??_ledsangdan+2
   994     06F8  308A               	movlw	138
   995     06F9  00F3               	movwf	??_ledsangdan+1
   996     06FA  3055               	movlw	85
   997     06FB  00F2               	movwf	??_ledsangdan
   998     06FC                     u367:
   999     06FC  0BF2               	decfsz	??_ledsangdan,f
  1000     06FD  2EFC               	goto	u367
  1001     06FE  0BF3               	decfsz	??_ledsangdan+1,f
  1002     06FF  2EFC               	goto	u367
  1003     0700  0BF4               	decfsz	??_ledsangdan+2,f
  1004     0701  2EFC               	goto	u367
  1005     0702  2F03               	nop2
  1006                           
  1007                           ;giao tiep nut nhan voi led.c: 66:         }
  1008     0703  3001               	movlw	1
  1009     0704  00F2               	movwf	??_ledsangdan
  1010     0705  0872               	movf	??_ledsangdan,w
  1011     0706  07F9               	addwf	_i,f
  1012     0707  2EE0               	goto	l803
  1013     0708                     l815:
  1014                           
  1015                           ;giao tiep nut nhan voi led.c: 67:         PORTD = 0x00;
  1016     0708  1283               	bcf	3,5	;RP0=0, select bank0
  1017     0709  1303               	bcf	3,6	;RP1=0, select bank0
  1018     070A  0188               	clrf	8	;volatile
  1019     070B                     l817:
  1020                           
  1021                           ;giao tiep nut nhan voi led.c: 56:     while (n--)
  1022     070B  3001               	movlw	1
  1023     070C  02F0               	subwf	ledsangdan@n,f
  1024     070D  3000               	movlw	0
  1025     070E  1C03               	skipc
  1026     070F  03F1               	decf	ledsangdan@n+1,f
  1027     0710  02F1               	subwf	ledsangdan@n+1,f
  1028     0711  0A70               	incf	ledsangdan@n,w
  1029     0712  1D03               	skipz
  1030     0713  2F18               	goto	u181
  1031     0714  0A71               	incf	ledsangdan@n+1,w
  1032     0715  1D03               	btfss	3,2
  1033     0716  2F18               	goto	u181
  1034     0717  2F19               	goto	u180
  1035     0718                     u181:
  1036     0718  2ECB               	goto	l797
  1037     0719                     u180:
  1038     0719                     l48:
  1039     0719  0008               	return
  1040     071A                     __end_of_ledsangdan:
  1041     007E                     btemp	set	126	;btemp
  1042     007E                     wtemp0	set	126
  1043                           
  1044                           	psect	idloc
  1045                           
  1046                           ;Config register IDLOC0 @ 0x2000
  1047                           ;	unspecified, using default values
  1048     2000                     	org	8192
  1049     2000  3FFF               	dw	16383
  1050                           
  1051                           ;Config register IDLOC1 @ 0x2001
  1052                           ;	unspecified, using default values
  1053     2001                     	org	8193
  1054     2001  3FFF               	dw	16383
  1055                           
  1056                           ;Config register IDLOC2 @ 0x2002
  1057                           ;	unspecified, using default values
  1058     2002                     	org	8194
  1059     2002  3FFF               	dw	16383
  1060                           
  1061                           ;Config register IDLOC3 @ 0x2003
  1062                           ;	unspecified, using default values
  1063     2003                     	org	8195
  1064     2003  3FFF               	dw	16383
  1065                           
  1066                           	psect	config
  1067                           
  1068                           ;Config register CONFIG1 @ 0x2007
  1069                           ;	Oscillator Selection bits
  1070                           ;	FOSC = HS, HS oscillator: High-speed crystal/resonator on RA6/OSC2/CLKOUT and RA7/OSC1
      +                          /CLKIN
  1071                           ;	Watchdog Timer Enable bit
  1072                           ;	WDTE = OFF, WDT disabled and can be enabled by SWDTEN bit of the WDTCON register
  1073                           ;	Power-up Timer Enable bit
  1074                           ;	PWRTE = OFF, PWRT disabled
  1075                           ;	RE3/MCLR pin function select bit
  1076                           ;	MCLRE = OFF, RE3/MCLR pin function is digital input, MCLR internally tied to VDD
  1077                           ;	Code Protection bit
  1078                           ;	CP = OFF, Program memory code protection is disabled
  1079                           ;	Data Code Protection bit
  1080                           ;	CPD = OFF, Data memory code protection is disabled
  1081                           ;	Brown Out Reset Selection bits
  1082                           ;	BOREN = ON, BOR enabled
  1083                           ;	Internal External Switchover bit
  1084                           ;	IESO = OFF, Internal/External Switchover mode is disabled
  1085                           ;	Fail-Safe Clock Monitor Enabled bit
  1086                           ;	FCMEN = OFF, Fail-Safe Clock Monitor is disabled
  1087                           ;	Low Voltage Programming Enable bit
  1088                           ;	LVP = OFF, RB3 pin has digital I/O, HV on MCLR must be used for programming
  1089                           ;	In-Circuit Debugger Mode bit
  1090                           ;	DEBUG = 0x1, unprogrammed default
  1091     2007                     	org	8199
  1092     2007  23D2               	dw	9170
  1093                           
  1094                           ;Config register CONFIG2 @ 0x2008
  1095                           ;	Brown-out Reset Selection bit
  1096                           ;	BOR4V = BOR40V, Brown-out Reset set to 4.0V
  1097                           ;	Flash Program Memory Self Write Enable bits
  1098                           ;	WRT = OFF, Write protection off
  1099     2008                     	org	8200
  1100     2008  3FFF               	dw	16383

Data Sizes:
    Strings     0
    Constant    0
    Data        8
    BSS         2
    Persistent  0
    Stack       0

Auto Spaces:
    Space          Size  Autos    Used
    COMMON           14      9      11
    BANK0            80      0       8
    BANK1            80      0       0
    BANK3            96      0       0
    BANK2            96      0       0

Pointer List with Targets:

    None.

Critical Paths under _main in COMMON

    _main->_ledsangdan

Critical Paths under _main in BANK0

    None.

Critical Paths under _main in BANK1

    None.

Critical Paths under _main in BANK3

    None.

Critical Paths under _main in BANK2

    None.

Call Graph Tables:

 ---------------------------------------------------------------------------------
 (Depth) Function   	        Calls       Base Space   Used Autos Params    Refs
 ---------------------------------------------------------------------------------
 (0) _main                                                 2     2      0     386
                                              7 COMMON     2     2      0
                         _ledsangdan
                         _ledsangdon
                        _ledsangduoi
 ---------------------------------------------------------------------------------
 (1) _ledsangduoi                                          5     3      2      98
                                              0 COMMON     5     3      2
 ---------------------------------------------------------------------------------
 (1) _ledsangdon                                           6     4      2     122
                                              0 COMMON     6     4      2
 ---------------------------------------------------------------------------------
 (1) _ledsangdan                                           7     5      2     166
                                              0 COMMON     7     5      2
 ---------------------------------------------------------------------------------
 Estimated maximum stack depth 1
 ---------------------------------------------------------------------------------

 Call Graph Graphs:

 _main (ROOT)
   _ledsangdan
   _ledsangdon
   _ledsangduoi

 Address spaces:
Name               Size   Autos  Total    Cost      Usage
BANK3               60      0       0       9        0.0%
BITBANK3            60      0       0       8        0.0%
SFR3                 0      0       0       4        0.0%
BITSFR3              0      0       0       4        0.0%
BANK2               60      0       0      11        0.0%
BITBANK2            60      0       0      10        0.0%
SFR2                 0      0       0       5        0.0%
BITSFR2              0      0       0       5        0.0%
BANK1               50      0       0       7        0.0%
BITBANK1            50      0       0       6        0.0%
SFR1                 0      0       0       2        0.0%
BITSFR1              0      0       0       2        0.0%
BANK0               50      0       8       5       10.0%
BITBANK0            50      0       0       4        0.0%
SFR0                 0      0       0       1        0.0%
BITSFR0              0      0       0       1        0.0%
COMMON               E      9       B       1       78.6%
BITCOMMON            E      0       0       0        0.0%
CODE                 0      0       0       0        0.0%
DATA                 0      0      13      12        0.0%
ABS                  0      0      13       3        0.0%
NULL                 0      0       0       0        0.0%
STACK                0      0       0       2        0.0%
EEDATA             100      0       0       0        0.0%


Microchip Technology PIC Macro Assembler V2.40 build 20220703182018 
Symbol Table                                                                                   Fri Apr 07 11:44:28 2023

                      _i 0079                        _j 007A                        pc 0002  
                     l40 06C5                       l48 0719                       l65 07AE  
                     l59 0781                       l69 07CB                       fsr 0004  
                    l801 06DB                      l811 06F6                      l803 06E0  
                    l821 071C                      l815 0708                      l807 06E7  
                    l831 0737                      l823 071D                      l809 06F2  
                    l817 070B                      l833 0744                      l835 0748  
                    l843 0770                      l827 0724                      l819 071A  
                    l851 0789                      l837 075A                      l829 0726  
                    l845 0773                      l861 0795                      l853 078A  
                    l839 076B                      l791 06B4                      l783 069A  
                    l775 0691                      l871 07C5                      l863 079F  
                    l855 078B                      l847 0782                      l785 06A2  
                    l777 0692                      l793 06B7                      l873 07CF  
                    l865 07A8                      l857 078C                      l849 0786  
                    l795 06C6                      l787 06AF                      l779 0693  
                    l875 07D9                      l867 07B2                      l859 0791  
                    l797 06CB                      l877 07E2                      l869 07BC  
                    l799 06CE                      _RB0 0030                      _RB1 0031  
                    _RB2 0032                      u210 075A                      u211 0759  
                    u220 0781                      u204 0730                      u221 0780  
                    u205 072D                      u150 0699                      u230 0795  
                    u215 0756                      u151 0698                      u231 0794  
                    u160 06C5                      u240 07AE                      u161 06C4  
                    u241 07AD                      u170 06E6                      u250 07B2  
                    u171 06E5                      u307 07B6                      u251 07B1  
                    u180 0719                      u260 07CB                      u181 0718  
                    u317 07D3                      u261 07CA                      u190 0723  
                    u270 07CF                      u191 0722                      u327 06A8  
                    u271 07CE                      u280 07E8                      u337 073D  
                    u281 07E7                      u347 0764                      u357 06D4  
                    u367 06FC                      u297 0799                      _led 0020  
                    fsr0 0004                      indf 0000             ?_ledsangduoi 0070  
                   _main 0782                     btemp 007E                     start 0000  
                  ?_main 0070                    _ANSEL 0188                    _PORTD 0008  
                  _TRISD 0088                    _WPUB0 04A8                    _WPUB1 04A9  
                  _nRBPU 040F                    pclath 000A                    status 0003  
                  wtemp0 007E              ledsangdan@b 0075              ledsangdan@n 0070  
            ledsangdon@a 0075              ledsangdon@n 0070          __initialization 07EC  
           __end_of_main 07EC                   ??_main 0077                   _ANSELH 0189  
                 _TRISB0 0430                   _TRISB1 0431  __end_of__initialization 07FC  
           ledsangduoi@n 0070           __pcstackCOMMON 0070             __pidataBANK0 0676  
             __pmaintext 0782               _ledsangdan 06C6               _ledsangdon 071A  
                __ptext1 0691                  __ptext2 071A                  __ptext3 06C6  
   end_of_initialization 07FC              ?_ledsangdan 0070              ?_ledsangdon 0070  
    start_initialization 07EC            ??_ledsangduoi 0072               init_fetch0 067E  
            __pdataBANK0 0020              __pbssCOMMON 0079                ___latbits 0002  
    __end_of_ledsangduoi 06C6              _ledsangduoi 0691             ??_ledsangdan 0072  
           ??_ledsangdon 0072       __end_of_ledsangdan 071A       __end_of_ledsangdon 0782  
               init_ram0 0682  
