

Microchip MPLAB XC8 Assembler V2.40 build 20220703182018 
                                                                                               Sat Apr 08 20:52:20 2023

Microchip MPLAB XC8 C Compiler v2.40 (Free license) build 20220703182018 Og1 
     1                           	processor	16F887
     2                           	pagewidth 120
     3                           	opt	flic
     4                           	psect	idataBANK0,global,class=CODE,delta=2,noexec
     5                           	psect	cinit,global,class=CODE,merge=1,delta=2
     6                           	psect	bssCOMMON,global,class=COMMON,space=1,delta=1,noexec
     7                           	psect	dataBANK0,global,class=BANK0,space=1,delta=1,noexec
     8                           	psect	inittext,global,class=CODE,delta=2
     9                           	psect	cstackCOMMON,global,class=COMMON,space=1,delta=1,noexec
    10                           	psect	cstackBANK0,global,class=BANK0,space=1,delta=1,noexec
    11                           	psect	maintext,global,class=CODE,split=1,delta=2
    12                           	psect	text1,local,class=CODE,merge=1,delta=2
    13                           	psect	intentry,global,class=CODE,delta=2
    14                           	psect	text2,local,class=CODE,merge=1,delta=2
    15                           	psect	text3,local,class=CODE,merge=1,delta=2
    16                           	psect	text4,local,class=CODE,merge=1,delta=2
    17                           	psect	idloc,global,abs,ovrld,class=IDLOC,space=5,delta=2,noexec
    18                           	psect	config,global,abs,ovrld,class=CONFIG,space=4,delta=2,noexec
    19                           	dabs	1,0x7E,2
    20     0000                     
    21                           ; Version 2.40
    22                           ; Generated 17/11/2021 GMT
    23                           ; 
    24                           ; Copyright © 2021, Microchip Technology Inc. and its subsidiaries ("Microchip")
    25                           ; All rights reserved.
    26                           ; 
    27                           ; This software is developed by Microchip Technology Inc. and its subsidiaries ("Microch
      +                          ip").
    28                           ; 
    29                           ; Redistribution and use in source and binary forms, with or without modification, are
    30                           ; permitted provided that the following conditions are met:
    31                           ; 
    32                           ;     1. Redistributions of source code must retain the above copyright notice, this lis
      +                          t of
    33                           ;        conditions and the following disclaimer.
    34                           ; 
    35                           ;     2. Redistributions in binary form must reproduce the above copyright notice, this 
      +                          list
    36                           ;        of conditions and the following disclaimer in the documentation and/or other
    37                           ;        materials provided with the distribution. Publication is not required when
    38                           ;        this file is used in an embedded application.
    39                           ; 
    40                           ;     3. Microchip's name may not be used to endorse or promote products derived from th
      +                          is
    41                           ;        software without specific prior written permission.
    42                           ; 
    43                           ; THIS SOFTWARE IS PROVIDED BY MICROCHIP "AS IS" AND ANY EXPRESS OR IMPLIED WARRANTIES,
    44                           ; INCLUDING, BUT NOT LIMITED TO, THE IMPLIED WARRANTIES OF MERCHANTABILITY AND FITNESS F
      +                          OR
    45                           ; PURPOSE ARE DISCLAIMED.  IN NO EVENT SHALL MICROCHIP BE LIABLE FOR ANY DIRECT, INDIREC
      +                          T,
    46                           ; INCIDENTAL, SPECIAL, EXEMPLARY, OR CONSEQUENTIAL DAMAGES (INCLUDING BUT NOT LIMITED TO
    47                           ; PROCUREMENT OF SUBSTITUTE GOODS OR SERVICES; LOSS OF USE, DATA OR PROFITS; OR BUSINESS
    48                           ; INTERRUPTION) HOWSOEVER CAUSED AND ON ANY THEORY OF LIABILITY, WHETHER IN CONTRACT, ST
      +                          RICT
    49                           ; LIABILITY, OR TORT (INCLUDING NEGLIGENCE OR OTHERWISE) ARISING IN ANY WAY OUT OF THE U
      +                          SE OF
    50                           ; THIS SOFTWARE, EVEN IF ADVISED OF THE POSSIBILITY OF SUCH DAMAGE.
    51                           ; 
    52                           ; 
    53                           ; Code-generator required, PIC16F887 Definitions
    54                           ; 
    55                           ; SFR Addresses
    56     0000                     	;# 
    57     0001                     	;# 
    58     0002                     	;# 
    59     0003                     	;# 
    60     0004                     	;# 
    61     0005                     	;# 
    62     0006                     	;# 
    63     0007                     	;# 
    64     0008                     	;# 
    65     0009                     	;# 
    66     000A                     	;# 
    67     000B                     	;# 
    68     000C                     	;# 
    69     000D                     	;# 
    70     000E                     	;# 
    71     000E                     	;# 
    72     000F                     	;# 
    73     0010                     	;# 
    74     0011                     	;# 
    75     0012                     	;# 
    76     0013                     	;# 
    77     0014                     	;# 
    78     0015                     	;# 
    79     0015                     	;# 
    80     0016                     	;# 
    81     0017                     	;# 
    82     0018                     	;# 
    83     0019                     	;# 
    84     001A                     	;# 
    85     001B                     	;# 
    86     001B                     	;# 
    87     001C                     	;# 
    88     001D                     	;# 
    89     001E                     	;# 
    90     001F                     	;# 
    91     0081                     	;# 
    92     0085                     	;# 
    93     0086                     	;# 
    94     0087                     	;# 
    95     0088                     	;# 
    96     0089                     	;# 
    97     008C                     	;# 
    98     008D                     	;# 
    99     008E                     	;# 
   100     008F                     	;# 
   101     0090                     	;# 
   102     0091                     	;# 
   103     0092                     	;# 
   104     0093                     	;# 
   105     0093                     	;# 
   106     0093                     	;# 
   107     0094                     	;# 
   108     0095                     	;# 
   109     0096                     	;# 
   110     0097                     	;# 
   111     0098                     	;# 
   112     0099                     	;# 
   113     009A                     	;# 
   114     009B                     	;# 
   115     009C                     	;# 
   116     009D                     	;# 
   117     009E                     	;# 
   118     009F                     	;# 
   119     0105                     	;# 
   120     0107                     	;# 
   121     0108                     	;# 
   122     0109                     	;# 
   123     010C                     	;# 
   124     010C                     	;# 
   125     010D                     	;# 
   126     010E                     	;# 
   127     010F                     	;# 
   128     0185                     	;# 
   129     0187                     	;# 
   130     0188                     	;# 
   131     0189                     	;# 
   132     018C                     	;# 
   133     018D                     	;# 
   134     0000                     	;# 
   135     0001                     	;# 
   136     0002                     	;# 
   137     0003                     	;# 
   138     0004                     	;# 
   139     0005                     	;# 
   140     0006                     	;# 
   141     0007                     	;# 
   142     0008                     	;# 
   143     0009                     	;# 
   144     000A                     	;# 
   145     000B                     	;# 
   146     000C                     	;# 
   147     000D                     	;# 
   148     000E                     	;# 
   149     000E                     	;# 
   150     000F                     	;# 
   151     0010                     	;# 
   152     0011                     	;# 
   153     0012                     	;# 
   154     0013                     	;# 
   155     0014                     	;# 
   156     0015                     	;# 
   157     0015                     	;# 
   158     0016                     	;# 
   159     0017                     	;# 
   160     0018                     	;# 
   161     0019                     	;# 
   162     001A                     	;# 
   163     001B                     	;# 
   164     001B                     	;# 
   165     001C                     	;# 
   166     001D                     	;# 
   167     001E                     	;# 
   168     001F                     	;# 
   169     0081                     	;# 
   170     0085                     	;# 
   171     0086                     	;# 
   172     0087                     	;# 
   173     0088                     	;# 
   174     0089                     	;# 
   175     008C                     	;# 
   176     008D                     	;# 
   177     008E                     	;# 
   178     008F                     	;# 
   179     0090                     	;# 
   180     0091                     	;# 
   181     0092                     	;# 
   182     0093                     	;# 
   183     0093                     	;# 
   184     0093                     	;# 
   185     0094                     	;# 
   186     0095                     	;# 
   187     0096                     	;# 
   188     0097                     	;# 
   189     0098                     	;# 
   190     0099                     	;# 
   191     009A                     	;# 
   192     009B                     	;# 
   193     009C                     	;# 
   194     009D                     	;# 
   195     009E                     	;# 
   196     009F                     	;# 
   197     0105                     	;# 
   198     0107                     	;# 
   199     0108                     	;# 
   200     0109                     	;# 
   201     010C                     	;# 
   202     010C                     	;# 
   203     010D                     	;# 
   204     010E                     	;# 
   205     010F                     	;# 
   206     0185                     	;# 
   207     0187                     	;# 
   208     0188                     	;# 
   209     0189                     	;# 
   210     018C                     	;# 
   211     018D                     	;# 
   212                           
   213                           	psect	idataBANK0
   214     01AA                     __pidataBANK0:
   215                           
   216                           ;initializer for _led
   217     01AA  3480               	retlw	128
   218     01AB  3440               	retlw	64
   219     01AC  3420               	retlw	32
   220     01AD  3410               	retlw	16
   221     01AE  3408               	retlw	8
   222     01AF  3404               	retlw	4
   223     01B0  3402               	retlw	2
   224     01B1  3401               	retlw	1
   225     0008                     _PORTD	set	8
   226     0048                     _RE0	set	72
   227     005B                     _RBIE	set	91
   228     005F                     _GIE	set	95
   229     0032                     _RB2	set	50
   230     0031                     _RB1	set	49
   231     0030                     _RB0	set	48
   232     0058                     _RBIF	set	88
   233     0059                     _INTF	set	89
   234     0095                     _WPUB	set	149
   235     0088                     _TRISD	set	136
   236     04B2                     _IOCB2	set	1202
   237     04B1                     _IOCB1	set	1201
   238     04B0                     _IOCB0	set	1200
   239     040F                     _nRBPU	set	1039
   240     0432                     _TRISB2	set	1074
   241     0431                     _TRISB1	set	1073
   242     0430                     _TRISB0	set	1072
   243     0448                     _TRISE0	set	1096
   244     0189                     _ANSELH	set	393
   245     0188                     _ANSEL	set	392
   246                           
   247                           	psect	cinit
   248     0011                     start_initialization:	
   249                           ; #config settings
   250                           
   251     0011                     __initialization:
   252                           
   253                           ; Initialize objects allocated to BANK0
   254     0011  1383               	bcf	3,7	;select IRP bank0
   255     0012  3028               	movlw	low (__pdataBANK0+8)
   256     0013  00FD               	movwf	btemp+-1
   257     0014  3001               	movlw	high __pidataBANK0
   258     0015  00FE               	movwf	btemp
   259     0016  30AA               	movlw	low __pidataBANK0
   260     0017  00FF               	movwf	btemp+1
   261     0018  3020               	movlw	low __pdataBANK0
   262     0019  0084               	movwf	4
   263     001A  120A  118A  219B  120A  118A  	fcall	init_ram0
   264                           
   265                           ; Clear objects allocated to COMMON
   266     001F  01FB               	clrf	__pbssCOMMON& (0+127)
   267     0020  01FC               	clrf	(__pbssCOMMON+1)& (0+127)
   268     0021                     end_of_initialization:	
   269                           ;End of C runtime variable initialization code
   270                           
   271     0021                     __end_of__initialization:
   272     0021  0183               	clrf	3
   273     0022  120A  118A  288D   	ljmp	_main	;jump to C main() function
   274                           
   275                           	psect	bssCOMMON
   276     007B                     __pbssCOMMON:
   277     007B                     _i:
   278     007B                     	ds	1
   279     007C                     _j:
   280     007C                     	ds	1
   281                           
   282                           	psect	dataBANK0
   283     0020                     __pdataBANK0:
   284     0020                     _led:
   285     0020                     	ds	8
   286                           
   287                           	psect	inittext
   288     0197                     init_fetch0:	
   289                           ;	Called with low address in FSR and high address in W
   290                           
   291     0197  087E               	movf	btemp,w
   292     0198  008A               	movwf	10
   293     0199  087F               	movf	btemp+1,w
   294     019A  0082               	movwf	2
   295     019B                     init_ram0:	
   296                           ;Called with:
   297                           ;	high address of idata address in btemp 
   298                           ;	low address of idata address in btemp+1 
   299                           ;	low address of data in FSR
   300                           ;	high address + 1 of data in btemp-1
   301                           
   302     019B  120A  118A  2197  120A  118A  	fcall	init_fetch0
   303     01A0  0080               	movwf	0
   304     01A1  0A84               	incf	4,f
   305     01A2  0804               	movf	4,w
   306     01A3  067D               	xorwf	btemp+-1,w
   307     01A4  1903               	btfsc	3,2
   308     01A5  3400               	retlw	0
   309     01A6  0AFF               	incf	btemp+1,f
   310     01A7  1903               	btfsc	3,2
   311     01A8  0AFE               	incf	btemp,f
   312     01A9  299B               	goto	init_ram0
   313                           
   314                           	psect	cstackCOMMON
   315     0070                     __pcstackCOMMON:
   316     0070                     ?_ledchoptat:
   317     0070                     ??_ledchoptat:	
   318                           ; 1 bytes @ 0x0
   319                           
   320     0070                     ?_ledsangduoi:	
   321                           ; 1 bytes @ 0x0
   322                           
   323     0070                     ??_ledsangduoi:	
   324                           ; 1 bytes @ 0x0
   325                           
   326     0070                     ?_ledsangdon:	
   327                           ; 1 bytes @ 0x0
   328                           
   329     0070                     ?_isr:	
   330                           ; 1 bytes @ 0x0
   331                           
   332     0070                     ?_main:	
   333                           ; 1 bytes @ 0x0
   334                           
   335     0070                     ledsangdon@n:	
   336                           ; 1 bytes @ 0x0
   337                           
   338                           
   339                           ; 2 bytes @ 0x0
   340     0070                     	ds	2
   341     0072                     ??_ledsangdon:
   342                           
   343                           ; 1 bytes @ 0x2
   344     0072                     	ds	3
   345     0075                     ledsangdon@a:
   346                           
   347                           ; 1 bytes @ 0x5
   348     0075                     	ds	1
   349     0076                     ??_isr:
   350                           
   351                           ; 1 bytes @ 0x6
   352     0076                     	ds	5
   353                           
   354                           	psect	cstackBANK0
   355     0028                     __pcstackBANK0:
   356     0028                     ??_main:
   357                           
   358                           ; 1 bytes @ 0x0
   359     0028                     	ds	3
   360                           
   361                           	psect	maintext
   362     008D                     __pmaintext:	
   363 ;;
   364 ;;Main: autosize = 0, tempsize = 3, incstack = 0, save=0
   365 ;;
   366 ;; *************** function _main *****************
   367 ;; Defined at:
   368 ;;		line 113 in file "ngat portB.c"
   369 ;; Parameters:    Size  Location     Type
   370 ;;		None
   371 ;; Auto vars:     Size  Location     Type
   372 ;;		None
   373 ;; Return value:  Size  Location     Type
   374 ;;                  1    wreg      void 
   375 ;; Registers used:
   376 ;;		wreg, status,2
   377 ;; Tracked objects:
   378 ;;		On entry : B00/0
   379 ;;		On exit  : 0/0
   380 ;;		Unchanged: 0/0
   381 ;; Data sizes:     COMMON   BANK0   BANK1   BANK3   BANK2
   382 ;;      Params:         0       0       0       0       0
   383 ;;      Locals:         0       0       0       0       0
   384 ;;      Temps:          0       3       0       0       0
   385 ;;      Totals:         0       3       0       0       0
   386 ;;Total ram usage:        3 bytes
   387 ;; Hardware stack levels required when called: 2
   388 ;; This function calls:
   389 ;;		Nothing
   390 ;; This function is called by:
   391 ;;		Startup code after reset
   392 ;; This function uses a non-reentrant model
   393 ;;
   394                           
   395     008D                     _main:	
   396                           ;psect for function _main
   397                           
   398     008D                     l846:	
   399                           ;incstack = 0
   400                           ; Regs used in _main: [wreg+status,2]
   401                           
   402                           
   403                           ;ngat portB.c: 114:     ANSEL = ANSELH = 0x00;
   404     008D  1683               	bsf	3,5	;RP0=1, select bank3
   405     008E  1703               	bsf	3,6	;RP1=1, select bank3
   406     008F  0189               	clrf	9	;volatile
   407     0090  0188               	clrf	8	;volatile
   408                           
   409                           ;ngat portB.c: 115:     TRISD=0x00;
   410     0091  1683               	bsf	3,5	;RP0=1, select bank1
   411     0092  1303               	bcf	3,6	;RP1=0, select bank1
   412     0093  0188               	clrf	8	;volatile
   413                           
   414                           ;ngat portB.c: 116:     PORTD=0x00;
   415     0094  1283               	bcf	3,5	;RP0=0, select bank0
   416     0095  1303               	bcf	3,6	;RP1=0, select bank0
   417     0096  0188               	clrf	8	;volatile
   418     0097                     l848:
   419                           
   420                           ;ngat portB.c: 117:     TRISE0=0;
   421     0097  1683               	bsf	3,5	;RP0=1, select bank1
   422     0098  1303               	bcf	3,6	;RP1=0, select bank1
   423     0099  1009               	bcf	9,0	;volatile
   424     009A                     l850:
   425                           
   426                           ;ngat portB.c: 119:     TRISB0= TRISB1 = TRISB2 =1;
   427     009A  1506               	bsf	6,2	;volatile
   428     009B  1906               	btfsc	6,2	;volatile
   429     009C  289E               	goto	u291
   430     009D  28A2               	goto	u290
   431     009E                     u291:
   432     009E  1683               	bsf	3,5	;RP0=1, select bank1
   433     009F  1303               	bcf	3,6	;RP1=0, select bank1
   434     00A0  1486               	bsf	6,1	;volatile
   435     00A1  28A5               	goto	u304
   436     00A2                     u290:
   437     00A2  1683               	bsf	3,5	;RP0=1, select bank1
   438     00A3  1303               	bcf	3,6	;RP1=0, select bank1
   439     00A4  1086               	bcf	6,1	;volatile
   440     00A5                     u304:
   441     00A5  1886               	btfsc	6,1	;volatile
   442     00A6  28A8               	goto	u301
   443     00A7  28AC               	goto	u300
   444     00A8                     u301:
   445     00A8  1683               	bsf	3,5	;RP0=1, select bank1
   446     00A9  1303               	bcf	3,6	;RP1=0, select bank1
   447     00AA  1406               	bsf	6,0	;volatile
   448     00AB  28AF               	goto	u314
   449     00AC                     u300:
   450     00AC  1683               	bsf	3,5	;RP0=1, select bank1
   451     00AD  1303               	bcf	3,6	;RP1=0, select bank1
   452     00AE  1006               	bcf	6,0	;volatile
   453     00AF                     u314:
   454     00AF                     l852:
   455                           
   456                           ;ngat portB.c: 120:     nRBPU =0;
   457     00AF  1381               	bcf	1,7	;volatile
   458     00B0                     l854:
   459                           
   460                           ;ngat portB.c: 121:     WPUB = 0x07;
   461     00B0  3007               	movlw	7
   462     00B1  0095               	movwf	21	;volatile
   463     00B2                     l856:
   464                           
   465                           ;ngat portB.c: 124:     RBIF=0;
   466     00B2  100B               	bcf	11,0	;volatile
   467     00B3                     l858:
   468                           
   469                           ;ngat portB.c: 125:     GIE=1;
   470     00B3  178B               	bsf	11,7	;volatile
   471     00B4                     l860:
   472                           
   473                           ;ngat portB.c: 126:     RBIE=1;
   474     00B4  158B               	bsf	11,3	;volatile
   475     00B5                     l862:
   476                           
   477                           ;ngat portB.c: 127:     IOCB0= IOCB1 = IOCB2 =1;
   478     00B5  1516               	bsf	22,2	;volatile
   479     00B6  1916               	btfsc	22,2	;volatile
   480     00B7  28B9               	goto	u321
   481     00B8  28BD               	goto	u320
   482     00B9                     u321:
   483     00B9  1683               	bsf	3,5	;RP0=1, select bank1
   484     00BA  1303               	bcf	3,6	;RP1=0, select bank1
   485     00BB  1496               	bsf	22,1	;volatile
   486     00BC  28C0               	goto	u334
   487     00BD                     u320:
   488     00BD  1683               	bsf	3,5	;RP0=1, select bank1
   489     00BE  1303               	bcf	3,6	;RP1=0, select bank1
   490     00BF  1096               	bcf	22,1	;volatile
   491     00C0                     u334:
   492     00C0  1896               	btfsc	22,1	;volatile
   493     00C1  28C3               	goto	u331
   494     00C2  28C7               	goto	u330
   495     00C3                     u331:
   496     00C3  1683               	bsf	3,5	;RP0=1, select bank1
   497     00C4  1303               	bcf	3,6	;RP1=0, select bank1
   498     00C5  1416               	bsf	22,0	;volatile
   499     00C6  28CA               	goto	u344
   500     00C7                     u330:
   501     00C7  1683               	bsf	3,5	;RP0=1, select bank1
   502     00C8  1303               	bcf	3,6	;RP1=0, select bank1
   503     00C9  1016               	bcf	22,0	;volatile
   504     00CA                     u344:
   505     00CA                     l864:
   506                           
   507                           ;ngat portB.c: 129:     {;ngat portB.c: 130:         RE0=1;
   508     00CA  1283               	bcf	3,5	;RP0=0, select bank0
   509     00CB  1303               	bcf	3,6	;RP1=0, select bank0
   510     00CC  1409               	bsf	9,0	;volatile
   511     00CD                     l866:
   512                           
   513                           ;ngat portB.c: 131:         _delay((unsigned long)((500)*(4000000/4000.0)));
   514     00CD  3003               	movlw	3
   515     00CE  1283               	bcf	3,5	;RP0=0, select bank0
   516     00CF  1303               	bcf	3,6	;RP1=0, select bank0
   517     00D0  00AA               	movwf	??_main+2
   518     00D1  308A               	movlw	138
   519     00D2  00A9               	movwf	??_main+1
   520     00D3  3055               	movlw	85
   521     00D4  00A8               	movwf	??_main
   522     00D5                     u357:
   523     00D5  0BA8               	decfsz	??_main,f
   524     00D6  28D5               	goto	u357
   525     00D7  0BA9               	decfsz	??_main+1,f
   526     00D8  28D5               	goto	u357
   527     00D9  0BAA               	decfsz	??_main+2,f
   528     00DA  28D5               	goto	u357
   529     00DB                     l868:
   530                           
   531                           ;ngat portB.c: 132:         RE0=0;
   532     00DB  1283               	bcf	3,5	;RP0=0, select bank0
   533     00DC  1303               	bcf	3,6	;RP1=0, select bank0
   534     00DD  1009               	bcf	9,0	;volatile
   535     00DE                     l870:
   536                           
   537                           ;ngat portB.c: 133:         _delay((unsigned long)((500)*(4000000/4000.0)));
   538     00DE  3003               	movlw	3
   539     00DF  1283               	bcf	3,5	;RP0=0, select bank0
   540     00E0  1303               	bcf	3,6	;RP1=0, select bank0
   541     00E1  00AA               	movwf	??_main+2
   542     00E2  308A               	movlw	138
   543     00E3  00A9               	movwf	??_main+1
   544     00E4  3055               	movlw	85
   545     00E5  00A8               	movwf	??_main
   546     00E6                     u367:
   547     00E6  0BA8               	decfsz	??_main,f
   548     00E7  28E6               	goto	u367
   549     00E8  0BA9               	decfsz	??_main+1,f
   550     00E9  28E6               	goto	u367
   551     00EA  0BAA               	decfsz	??_main+2,f
   552     00EB  28E6               	goto	u367
   553     00EC  28CA               	goto	l864
   554     00ED  120A  118A  280E   	ljmp	start
   555     00F0                     __end_of_main:
   556                           
   557                           	psect	text1
   558     00F0                     __ptext1:	
   559 ;; *************** function _isr *****************
   560 ;; Defined at:
   561 ;;		line 76 in file "ngat portB.c"
   562 ;; Parameters:    Size  Location     Type
   563 ;;		None
   564 ;; Auto vars:     Size  Location     Type
   565 ;;		None
   566 ;; Return value:  Size  Location     Type
   567 ;;                  1    wreg      void 
   568 ;; Registers used:
   569 ;;		wreg, fsr0l, fsr0h, status,2, status,0, pclath, cstack
   570 ;; Tracked objects:
   571 ;;		On entry : 0/0
   572 ;;		On exit  : 0/0
   573 ;;		Unchanged: 0/0
   574 ;; Data sizes:     COMMON   BANK0   BANK1   BANK3   BANK2
   575 ;;      Params:         0       0       0       0       0
   576 ;;      Locals:         0       0       0       0       0
   577 ;;      Temps:          5       0       0       0       0
   578 ;;      Totals:         5       0       0       0       0
   579 ;;Total ram usage:        5 bytes
   580 ;; Hardware stack levels used: 1
   581 ;; Hardware stack levels required when called: 1
   582 ;; This function calls:
   583 ;;		_ledchoptat
   584 ;;		_ledsangdon
   585 ;;		_ledsangduoi
   586 ;; This function is called by:
   587 ;;		Interrupt level 1
   588 ;; This function uses a non-reentrant model
   589 ;;
   590                           
   591     00F0                     _isr:	
   592                           ;psect for function _isr
   593                           
   594     00F0                     i1l826:
   595                           
   596                           ;ngat portB.c: 78:     INTF=0;
   597     00F0  108B               	bcf	11,1	;volatile
   598                           
   599                           ;ngat portB.c: 79:     RBIF=0;
   600     00F1  100B               	bcf	11,0	;volatile
   601                           
   602                           ;ngat portB.c: 80:     if(RB0==0 )
   603     00F2  1283               	bcf	3,5	;RP0=0, select bank0
   604     00F3  1303               	bcf	3,6	;RP1=0, select bank0
   605     00F4  1806               	btfsc	6,0	;volatile
   606     00F5  28F7               	goto	u23_21
   607     00F6  28F8               	goto	u23_20
   608     00F7                     u23_21:
   609     00F7  290D               	goto	i1l74
   610     00F8                     u23_20:
   611     00F8                     i1l828:
   612                           
   613                           ;ngat portB.c: 81:     {;ngat portB.c: 82:         _delay((unsigned long)((10)*(4000000/
      +                          4000.0)));
   614     00F8  300D               	movlw	13
   615     00F9  00F7               	movwf	??_isr+1
   616     00FA  30FB               	movlw	251
   617     00FB  00F6               	movwf	??_isr
   618     00FC                     u37_27:
   619     00FC  0BF6               	decfsz	??_isr,f
   620     00FD  28FC               	goto	u37_27
   621     00FE  0BF7               	decfsz	??_isr+1,f
   622     00FF  28FC               	goto	u37_27
   623     0100  2901               	nop2
   624                           
   625                           ;ngat portB.c: 85:         while(RB0==0)
   626     0101  2907               	goto	i1l832
   627     0102                     i1l830:
   628                           
   629                           ;ngat portB.c: 86:         {;ngat portB.c: 87:             ledchoptat();
   630     0102  120A  118A  2172  120A  118A  	fcall	_ledchoptat
   631     0107                     i1l832:
   632                           
   633                           ;ngat portB.c: 85:         while(RB0==0)
   634     0107  1283               	bcf	3,5	;RP0=0, select bank0
   635     0108  1303               	bcf	3,6	;RP1=0, select bank0
   636     0109  1C06               	btfss	6,0	;volatile
   637     010A  290C               	goto	u24_21
   638     010B  290D               	goto	u24_20
   639     010C                     u24_21:
   640     010C  2902               	goto	i1l830
   641     010D                     u24_20:
   642     010D                     i1l74:	
   643                           ;ngat portB.c: 89:     }
   644                           
   645                           
   646                           ;ngat portB.c: 90:     if(RB1==0 )
   647     010D  1886               	btfsc	6,1	;volatile
   648     010E  2910               	goto	u25_21
   649     010F  2911               	goto	u25_20
   650     0110                     u25_21:
   651     0110  2926               	goto	i1l78
   652     0111                     u25_20:
   653     0111                     i1l834:
   654                           
   655                           ;ngat portB.c: 91:     {;ngat portB.c: 92:         _delay((unsigned long)((10)*(4000000/
      +                          4000.0)));
   656     0111  300D               	movlw	13
   657     0112  00F7               	movwf	??_isr+1
   658     0113  30FB               	movlw	251
   659     0114  00F6               	movwf	??_isr
   660     0115                     u38_27:
   661     0115  0BF6               	decfsz	??_isr,f
   662     0116  2915               	goto	u38_27
   663     0117  0BF7               	decfsz	??_isr+1,f
   664     0118  2915               	goto	u38_27
   665     0119  291A               	nop2
   666                           
   667                           ;ngat portB.c: 95:         while(RB1==0)
   668     011A  2920               	goto	i1l838
   669     011B                     i1l836:
   670                           
   671                           ;ngat portB.c: 96:         {;ngat portB.c: 97:             ledsangduoi();
   672     011B  120A  118A  214C  120A  118A  	fcall	_ledsangduoi
   673     0120                     i1l838:
   674                           
   675                           ;ngat portB.c: 95:         while(RB1==0)
   676     0120  1283               	bcf	3,5	;RP0=0, select bank0
   677     0121  1303               	bcf	3,6	;RP1=0, select bank0
   678     0122  1C86               	btfss	6,1	;volatile
   679     0123  2925               	goto	u26_21
   680     0124  2926               	goto	u26_20
   681     0125                     u26_21:
   682     0125  291B               	goto	i1l836
   683     0126                     u26_20:
   684     0126                     i1l78:	
   685                           ;ngat portB.c: 99:     }
   686                           
   687                           
   688                           ;ngat portB.c: 100:     if(RB2==0 )
   689     0126  1906               	btfsc	6,2	;volatile
   690     0127  2929               	goto	u27_21
   691     0128  292A               	goto	u27_20
   692     0129                     u27_21:
   693     0129  2943               	goto	i1l86
   694     012A                     u27_20:
   695     012A                     i1l840:
   696                           
   697                           ;ngat portB.c: 101:     {;ngat portB.c: 102:         _delay((unsigned long)((10)*(400000
      +                          0/4000.0)));
   698     012A  300D               	movlw	13
   699     012B  00F7               	movwf	??_isr+1
   700     012C  30FB               	movlw	251
   701     012D  00F6               	movwf	??_isr
   702     012E                     u39_27:
   703     012E  0BF6               	decfsz	??_isr,f
   704     012F  292E               	goto	u39_27
   705     0130  0BF7               	decfsz	??_isr+1,f
   706     0131  292E               	goto	u39_27
   707     0132  2933               	nop2
   708                           
   709                           ;ngat portB.c: 105:         while(RB2==0)
   710     0133  293D               	goto	i1l844
   711     0134                     i1l842:
   712                           
   713                           ;ngat portB.c: 106:         {;ngat portB.c: 107:             ledsangdon(1);
   714     0134  3001               	movlw	1
   715     0135  00F0               	movwf	ledsangdon@n
   716     0136  3000               	movlw	0
   717     0137  00F1               	movwf	ledsangdon@n+1
   718     0138  120A  118A  2025  120A  118A  	fcall	_ledsangdon
   719     013D                     i1l844:
   720                           
   721                           ;ngat portB.c: 105:         while(RB2==0)
   722     013D  1283               	bcf	3,5	;RP0=0, select bank0
   723     013E  1303               	bcf	3,6	;RP1=0, select bank0
   724     013F  1D06               	btfss	6,2	;volatile
   725     0140  2942               	goto	u28_21
   726     0141  2943               	goto	u28_20
   727     0142                     u28_21:
   728     0142  2934               	goto	i1l842
   729     0143                     u28_20:
   730     0143                     i1l86:
   731     0143  087A               	movf	??_isr+4,w
   732     0144  008A               	movwf	10
   733     0145  0879               	movf	??_isr+3,w
   734     0146  0084               	movwf	4
   735     0147  0E78               	swapf	??_isr+2,w
   736     0148  0083               	movwf	3
   737     0149  0EFE               	swapf	btemp,f
   738     014A  0E7E               	swapf	btemp,w
   739     014B  0009               	retfie
   740     014C                     __end_of_isr:
   741                           
   742                           	psect	intentry
   743     0004                     __pintentry:	
   744                           ;incstack = 0
   745                           ; Regs used in _isr: [wreg-fsr0h+status,2+status,0+pclath+cstack]
   746                           
   747     0004                     interrupt_function:
   748     007E                     saved_w	set	btemp
   749     0004  00FE               	movwf	btemp
   750     0005  0E03               	swapf	3,w
   751     0006  00F8               	movwf	??_isr+2
   752     0007  0804               	movf	4,w
   753     0008  00F9               	movwf	??_isr+3
   754     0009  080A               	movf	10,w
   755     000A  00FA               	movwf	??_isr+4
   756     000B  120A  118A  28F0   	ljmp	_isr
   757                           
   758                           	psect	text2
   759     014C                     __ptext2:	
   760 ;; *************** function _ledsangduoi *****************
   761 ;; Defined at:
   762 ;;		line 47 in file "ngat portB.c"
   763 ;; Parameters:    Size  Location     Type
   764 ;;		None
   765 ;; Auto vars:     Size  Location     Type
   766 ;;		None
   767 ;; Return value:  Size  Location     Type
   768 ;;                  1    wreg      void 
   769 ;; Registers used:
   770 ;;		wreg, fsr0l, fsr0h, status,2, status,0
   771 ;; Tracked objects:
   772 ;;		On entry : 0/0
   773 ;;		On exit  : 0/0
   774 ;;		Unchanged: 0/0
   775 ;; Data sizes:     COMMON   BANK0   BANK1   BANK3   BANK2
   776 ;;      Params:         0       0       0       0       0
   777 ;;      Locals:         0       0       0       0       0
   778 ;;      Temps:          3       0       0       0       0
   779 ;;      Totals:         3       0       0       0       0
   780 ;;Total ram usage:        3 bytes
   781 ;; Hardware stack levels used: 1
   782 ;; This function calls:
   783 ;;		Nothing
   784 ;; This function is called by:
   785 ;;		_isr
   786 ;; This function uses a non-reentrant model
   787 ;;
   788                           
   789     014C                     _ledsangduoi:	
   790                           ;psect for function _ledsangduoi
   791                           
   792     014C                     i1l782:	
   793                           ;incstack = 0
   794                           ; Regs used in _ledsangduoi: [wreg-fsr0h+status,2+status,0]
   795                           
   796                           
   797                           ;ngat portB.c: 49:      for(i=0;i<8;i++)
   798     014C  01FB               	clrf	_i
   799     014D                     i1l784:
   800     014D  3008               	movlw	8
   801     014E  027B               	subwf	_i,w
   802     014F  1C03               	skipc
   803     0150  2952               	goto	u18_21
   804     0151  2953               	goto	u18_20
   805     0152                     u18_21:
   806     0152  2954               	goto	i1l788
   807     0153                     u18_20:
   808     0153  296E               	goto	i1l796
   809     0154                     i1l788:
   810                           
   811                           ;ngat portB.c: 50:      {;ngat portB.c: 51:          PORTD=led[i];
   812     0154  087B               	movf	_i,w
   813     0155  3E20               	addlw	(low (_led| 0))& (0+255)
   814     0156  0084               	movwf	4
   815     0157  1383               	bcf	3,7	;select IRP bank0
   816     0158  0800               	movf	0,w
   817     0159  1283               	bcf	3,5	;RP0=0, select bank0
   818     015A  1303               	bcf	3,6	;RP1=0, select bank0
   819     015B  0088               	movwf	8	;volatile
   820     015C                     i1l790:
   821                           
   822                           ;ngat portB.c: 52:          _delay((unsigned long)((500)*(4000000/4000.0)));
   823     015C  3003               	movlw	3
   824     015D  00F2               	movwf	??_ledsangduoi+2
   825     015E  308A               	movlw	138
   826     015F  00F1               	movwf	??_ledsangduoi+1
   827     0160  3055               	movlw	85
   828     0161  00F0               	movwf	??_ledsangduoi
   829     0162                     u40_27:
   830     0162  0BF0               	decfsz	??_ledsangduoi,f
   831     0163  2962               	goto	u40_27
   832     0164  0BF1               	decfsz	??_ledsangduoi+1,f
   833     0165  2962               	goto	u40_27
   834     0166  0BF2               	decfsz	??_ledsangduoi+2,f
   835     0167  2962               	goto	u40_27
   836     0168  2969               	nop2
   837     0169                     i1l792:
   838                           
   839                           ;ngat portB.c: 54:      }
   840     0169  3001               	movlw	1
   841     016A  00F0               	movwf	??_ledsangduoi
   842     016B  0870               	movf	??_ledsangduoi,w
   843     016C  07FB               	addwf	_i,f
   844     016D  294D               	goto	i1l784
   845     016E                     i1l796:
   846                           
   847                           ;ngat portB.c: 55:      PORTD=0x00;
   848     016E  1283               	bcf	3,5	;RP0=0, select bank0
   849     016F  1303               	bcf	3,6	;RP1=0, select bank0
   850     0170  0188               	clrf	8	;volatile
   851     0171                     i1l58:
   852     0171  0008               	return
   853     0172                     __end_of_ledsangduoi:
   854                           
   855                           	psect	text3
   856     0025                     __ptext3:	
   857 ;; *************** function _ledsangdon *****************
   858 ;; Defined at:
   859 ;;		line 58 in file "ngat portB.c"
   860 ;; Parameters:    Size  Location     Type
   861 ;;  n               2    0[COMMON] unsigned int 
   862 ;; Auto vars:     Size  Location     Type
   863 ;;  a               1    5[COMMON] unsigned char 
   864 ;; Return value:  Size  Location     Type
   865 ;;                  1    wreg      void 
   866 ;; Registers used:
   867 ;;		wreg, status,2, status,0
   868 ;; Tracked objects:
   869 ;;		On entry : 0/0
   870 ;;		On exit  : 0/0
   871 ;;		Unchanged: 0/0
   872 ;; Data sizes:     COMMON   BANK0   BANK1   BANK3   BANK2
   873 ;;      Params:         2       0       0       0       0
   874 ;;      Locals:         1       0       0       0       0
   875 ;;      Temps:          3       0       0       0       0
   876 ;;      Totals:         6       0       0       0       0
   877 ;;Total ram usage:        6 bytes
   878 ;; Hardware stack levels used: 1
   879 ;; This function calls:
   880 ;;		Nothing
   881 ;; This function is called by:
   882 ;;		_isr
   883 ;; This function uses a non-reentrant model
   884 ;;
   885                           
   886     0025                     _ledsangdon:	
   887                           ;psect for function _ledsangdon
   888                           
   889     0025                     i1l798:	
   890                           ;incstack = 0
   891                           ; Regs used in _ledsangdon: [wreg+status,2+status,0]
   892                           
   893                           
   894                           ;ngat portB.c: 58: void ledsangdon(unsigned int n);ngat portB.c: 59: {;ngat portB.c: 60:
      +                               unsigned char a = 0x00;
   895     0025  01F5               	clrf	ledsangdon@a
   896                           
   897                           ;ngat portB.c: 61:     while(n--)
   898     0026  287E               	goto	i1l824
   899     0027                     i1l800:
   900                           
   901                           ;ngat portB.c: 62:     {;ngat portB.c: 63:         for(i=0;i<8;i++)
   902     0027  01FB               	clrf	_i
   903     0028                     i1l802:
   904     0028  3008               	movlw	8
   905     0029  027B               	subwf	_i,w
   906     002A  1C03               	skipc
   907     002B  282D               	goto	u19_21
   908     002C  282E               	goto	u19_20
   909     002D                     u19_21:
   910     002D  282F               	goto	i1l806
   911     002E                     u19_20:
   912     002E  287B               	goto	i1l822
   913     002F                     i1l806:
   914                           
   915                           ;ngat portB.c: 64:         {;ngat portB.c: 65:             for(j=0;j<8-i;j++)
   916     002F  01FC               	clrf	_j
   917     0030  2853               	goto	i1l814
   918     0031                     i1l808:
   919                           
   920                           ;ngat portB.c: 66:             {;ngat portB.c: 67:                 PORTD=(0x80>>j)|a;
   921     0031  0A7C               	incf	_j,w
   922     0032  00F2               	movwf	??_ledsangdon
   923     0033  3080               	movlw	128
   924     0034  00F3               	movwf	??_ledsangdon+1
   925     0035  3000               	movlw	0
   926     0036  00F4               	movwf	??_ledsangdon+2
   927     0037  283B               	goto	u20_24
   928     0038                     u20_25:
   929     0038  0D74               	rlf	??_ledsangdon+2,w
   930     0039  0CF4               	rrf	??_ledsangdon+2,f
   931     003A  0CF3               	rrf	??_ledsangdon+1,f
   932     003B                     u20_24:
   933     003B  0BF2               	decfsz	??_ledsangdon,f
   934     003C  2838               	goto	u20_25
   935     003D  0873               	movf	??_ledsangdon+1,w
   936     003E  0475               	iorwf	ledsangdon@a,w
   937     003F  1283               	bcf	3,5	;RP0=0, select bank0
   938     0040  1303               	bcf	3,6	;RP1=0, select bank0
   939     0041  0088               	movwf	8	;volatile
   940     0042                     i1l810:
   941                           
   942                           ;ngat portB.c: 68:                 _delay((unsigned long)((200)*(4000000/4000.0)));
   943     0042  3002               	movlw	2
   944     0043  00F4               	movwf	??_ledsangdon+2
   945     0044  3004               	movlw	4
   946     0045  00F3               	movwf	??_ledsangdon+1
   947     0046  30BA               	movlw	186
   948     0047  00F2               	movwf	??_ledsangdon
   949     0048                     u41_27:
   950     0048  0BF2               	decfsz	??_ledsangdon,f
   951     0049  2848               	goto	u41_27
   952     004A  0BF3               	decfsz	??_ledsangdon+1,f
   953     004B  2848               	goto	u41_27
   954     004C  0BF4               	decfsz	??_ledsangdon+2,f
   955     004D  2848               	goto	u41_27
   956     004E  0000               	nop
   957     004F                     i1l812:
   958                           
   959                           ;ngat portB.c: 69:             }
   960     004F  3001               	movlw	1
   961     0050  00F2               	movwf	??_ledsangdon
   962     0051  0872               	movf	??_ledsangdon,w
   963     0052  07FC               	addwf	_j,f
   964     0053                     i1l814:
   965     0053  3000               	movlw	0
   966     0054  00F3               	movwf	??_ledsangdon+1
   967     0055  087B               	movf	_i,w
   968     0056  3C08               	sublw	8
   969     0057  00F2               	movwf	??_ledsangdon
   970     0058  1C03               	skipc
   971     0059  03F3               	decf	??_ledsangdon+1,f
   972     005A  0873               	movf	??_ledsangdon+1,w
   973     005B  3A80               	xorlw	128
   974     005C  3C80               	sublw	128
   975     005D  1D03               	skipz
   976     005E  2861               	goto	u21_25
   977     005F  0872               	movf	??_ledsangdon,w
   978     0060  027C               	subwf	_j,w
   979     0061                     u21_25:
   980     0061  1C03               	skipc
   981     0062  2864               	goto	u21_21
   982     0063  2865               	goto	u21_20
   983     0064                     u21_21:
   984     0064  2831               	goto	i1l808
   985     0065                     u21_20:
   986     0065                     i1l816:
   987                           
   988                           ;ngat portB.c: 70:             a = PORTD;
   989     0065  1283               	bcf	3,5	;RP0=0, select bank0
   990     0066  1303               	bcf	3,6	;RP1=0, select bank0
   991     0067  0808               	movf	8,w	;volatile
   992     0068  00F5               	movwf	ledsangdon@a
   993                           
   994                           ;ngat portB.c: 71:             _delay((unsigned long)((200)*(4000000/4000.0)));
   995     0069  3002               	movlw	2
   996     006A  00F4               	movwf	??_ledsangdon+2
   997     006B  3004               	movlw	4
   998     006C  00F3               	movwf	??_ledsangdon+1
   999     006D  30BA               	movlw	186
  1000     006E  00F2               	movwf	??_ledsangdon
  1001     006F                     u42_27:
  1002     006F  0BF2               	decfsz	??_ledsangdon,f
  1003     0070  286F               	goto	u42_27
  1004     0071  0BF3               	decfsz	??_ledsangdon+1,f
  1005     0072  286F               	goto	u42_27
  1006     0073  0BF4               	decfsz	??_ledsangdon+2,f
  1007     0074  286F               	goto	u42_27
  1008     0075  0000               	nop
  1009     0076                     i1l818:
  1010                           
  1011                           ;ngat portB.c: 72:         }
  1012     0076  3001               	movlw	1
  1013     0077  00F2               	movwf	??_ledsangdon
  1014     0078  0872               	movf	??_ledsangdon,w
  1015     0079  07FB               	addwf	_i,f
  1016     007A  2828               	goto	i1l802
  1017     007B                     i1l822:
  1018                           
  1019                           ;ngat portB.c: 73:         PORTD=0x00;
  1020     007B  1283               	bcf	3,5	;RP0=0, select bank0
  1021     007C  1303               	bcf	3,6	;RP1=0, select bank0
  1022     007D  0188               	clrf	8	;volatile
  1023     007E                     i1l824:
  1024                           
  1025                           ;ngat portB.c: 61:     while(n--)
  1026     007E  3001               	movlw	1
  1027     007F  02F0               	subwf	ledsangdon@n,f
  1028     0080  3000               	movlw	0
  1029     0081  1C03               	skipc
  1030     0082  03F1               	decf	ledsangdon@n+1,f
  1031     0083  02F1               	subwf	ledsangdon@n+1,f
  1032     0084  0A70               	incf	ledsangdon@n,w
  1033     0085  1D03               	skipz
  1034     0086  288B               	goto	u22_21
  1035     0087  0A71               	incf	ledsangdon@n+1,w
  1036     0088  1D03               	btfss	3,2
  1037     0089  288B               	goto	u22_21
  1038     008A  288C               	goto	u22_20
  1039     008B                     u22_21:
  1040     008B  2827               	goto	i1l800
  1041     008C                     u22_20:
  1042     008C                     i1l69:
  1043     008C  0008               	return
  1044     008D                     __end_of_ledsangdon:
  1045                           
  1046                           	psect	text4
  1047     0172                     __ptext4:	
  1048 ;; *************** function _ledchoptat *****************
  1049 ;; Defined at:
  1050 ;;		line 38 in file "ngat portB.c"
  1051 ;; Parameters:    Size  Location     Type
  1052 ;;		None
  1053 ;; Auto vars:     Size  Location     Type
  1054 ;;		None
  1055 ;; Return value:  Size  Location     Type
  1056 ;;                  1    wreg      void 
  1057 ;; Registers used:
  1058 ;;		wreg, status,2
  1059 ;; Tracked objects:
  1060 ;;		On entry : 0/0
  1061 ;;		On exit  : 0/0
  1062 ;;		Unchanged: 0/0
  1063 ;; Data sizes:     COMMON   BANK0   BANK1   BANK3   BANK2
  1064 ;;      Params:         0       0       0       0       0
  1065 ;;      Locals:         0       0       0       0       0
  1066 ;;      Temps:          3       0       0       0       0
  1067 ;;      Totals:         3       0       0       0       0
  1068 ;;Total ram usage:        3 bytes
  1069 ;; Hardware stack levels used: 1
  1070 ;; This function calls:
  1071 ;;		Nothing
  1072 ;; This function is called by:
  1073 ;;		_isr
  1074 ;; This function uses a non-reentrant model
  1075 ;;
  1076                           
  1077     0172                     _ledchoptat:	
  1078                           ;psect for function _ledchoptat
  1079                           
  1080     0172                     i1l686:	
  1081                           ;incstack = 0
  1082                           ; Regs used in _ledchoptat: [wreg+status,2]
  1083                           
  1084                           
  1085                           ;ngat portB.c: 40:     PORTD = 0xFF;
  1086     0172  30FF               	movlw	255
  1087     0173  1283               	bcf	3,5	;RP0=0, select bank0
  1088     0174  1303               	bcf	3,6	;RP1=0, select bank0
  1089     0175  0088               	movwf	8	;volatile
  1090                           
  1091                           ;ngat portB.c: 41:     _delay((unsigned long)((500)*(4000000/4000.0)));
  1092     0176  3003               	movlw	3
  1093     0177  00F2               	movwf	??_ledchoptat+2
  1094     0178  308A               	movlw	138
  1095     0179  00F1               	movwf	??_ledchoptat+1
  1096     017A  3055               	movlw	85
  1097     017B  00F0               	movwf	??_ledchoptat
  1098     017C                     u43_27:
  1099     017C  0BF0               	decfsz	??_ledchoptat,f
  1100     017D  297C               	goto	u43_27
  1101     017E  0BF1               	decfsz	??_ledchoptat+1,f
  1102     017F  297C               	goto	u43_27
  1103     0180  0BF2               	decfsz	??_ledchoptat+2,f
  1104     0181  297C               	goto	u43_27
  1105     0182  2983               	nop2
  1106     0183                     i1l688:
  1107                           
  1108                           ;ngat portB.c: 42:     PORTD = 0x00;
  1109     0183  1283               	bcf	3,5	;RP0=0, select bank0
  1110     0184  1303               	bcf	3,6	;RP1=0, select bank0
  1111     0185  0188               	clrf	8	;volatile
  1112     0186                     i1l690:
  1113                           
  1114                           ;ngat portB.c: 43:     _delay((unsigned long)((500)*(4000000/4000.0)));
  1115     0186  3003               	movlw	3
  1116     0187  00F2               	movwf	??_ledchoptat+2
  1117     0188  308A               	movlw	138
  1118     0189  00F1               	movwf	??_ledchoptat+1
  1119     018A  3055               	movlw	85
  1120     018B  00F0               	movwf	??_ledchoptat
  1121     018C                     u44_27:
  1122     018C  0BF0               	decfsz	??_ledchoptat,f
  1123     018D  298C               	goto	u44_27
  1124     018E  0BF1               	decfsz	??_ledchoptat+1,f
  1125     018F  298C               	goto	u44_27
  1126     0190  0BF2               	decfsz	??_ledchoptat+2,f
  1127     0191  298C               	goto	u44_27
  1128     0192  2993               	nop2
  1129                           
  1130                           ;ngat portB.c: 44:     PORTD = 0x00;
  1131     0193  1283               	bcf	3,5	;RP0=0, select bank0
  1132     0194  1303               	bcf	3,6	;RP1=0, select bank0
  1133     0195  0188               	clrf	8	;volatile
  1134     0196                     i1l53:
  1135     0196  0008               	return
  1136     0197                     __end_of_ledchoptat:
  1137     007E                     btemp	set	126	;btemp
  1138     007E                     wtemp0	set	126
  1139                           
  1140                           	psect	idloc
  1141                           
  1142                           ;Config register IDLOC0 @ 0x2000
  1143                           ;	unspecified, using default values
  1144     2000                     	org	8192
  1145     2000  3FFF               	dw	16383
  1146                           
  1147                           ;Config register IDLOC1 @ 0x2001
  1148                           ;	unspecified, using default values
  1149     2001                     	org	8193
  1150     2001  3FFF               	dw	16383
  1151                           
  1152                           ;Config register IDLOC2 @ 0x2002
  1153                           ;	unspecified, using default values
  1154     2002                     	org	8194
  1155     2002  3FFF               	dw	16383
  1156                           
  1157                           ;Config register IDLOC3 @ 0x2003
  1158                           ;	unspecified, using default values
  1159     2003                     	org	8195
  1160     2003  3FFF               	dw	16383
  1161                           
  1162                           	psect	config
  1163                           
  1164                           ;Config register CONFIG1 @ 0x2007
  1165                           ;	Oscillator Selection bits
  1166                           ;	FOSC = HS, HS oscillator: High-speed crystal/resonator on RA6/OSC2/CLKOUT and RA7/OSC1
      +                          /CLKIN
  1167                           ;	Watchdog Timer Enable bit
  1168                           ;	WDTE = OFF, WDT disabled and can be enabled by SWDTEN bit of the WDTCON register
  1169                           ;	Power-up Timer Enable bit
  1170                           ;	PWRTE = OFF, PWRT disabled
  1171                           ;	RE3/MCLR pin function select bit
  1172                           ;	MCLRE = OFF, RE3/MCLR pin function is digital input, MCLR internally tied to VDD
  1173                           ;	Code Protection bit
  1174                           ;	CP = OFF, Program memory code protection is disabled
  1175                           ;	Data Code Protection bit
  1176                           ;	CPD = OFF, Data memory code protection is disabled
  1177                           ;	Brown Out Reset Selection bits
  1178                           ;	BOREN = ON, BOR enabled
  1179                           ;	Internal External Switchover bit
  1180                           ;	IESO = OFF, Internal/External Switchover mode is disabled
  1181                           ;	Fail-Safe Clock Monitor Enabled bit
  1182                           ;	FCMEN = OFF, Fail-Safe Clock Monitor is disabled
  1183                           ;	Low Voltage Programming Enable bit
  1184                           ;	LVP = OFF, RB3 pin has digital I/O, HV on MCLR must be used for programming
  1185                           ;	In-Circuit Debugger Mode bit
  1186                           ;	DEBUG = 0x1, unprogrammed default
  1187     2007                     	org	8199
  1188     2007  23D2               	dw	9170
  1189                           
  1190                           ;Config register CONFIG2 @ 0x2008
  1191                           ;	Brown-out Reset Selection bit
  1192                           ;	BOR4V = BOR40V, Brown-out Reset set to 4.0V
  1193                           ;	Flash Program Memory Self Write Enable bits
  1194                           ;	WRT = OFF, Write protection off
  1195     2008                     	org	8200
  1196     2008  3FFF               	dw	16383

Data Sizes:
    Strings     0
    Constant    0
    Data        8
    BSS         2
    Persistent  0
    Stack       0

Auto Spaces:
    Space          Size  Autos    Used
    COMMON           14     11      13
    BANK0            80      3      11
    BANK1            80      0       0
    BANK3            96      0       0
    BANK2            96      0       0

Pointer List with Targets:

    None.

Critical Paths under _main in COMMON

    None.

Critical Paths under _isr in COMMON

    _isr->_ledsangdon

Critical Paths under _main in BANK0

    None.

Critical Paths under _isr in BANK0

    None.

Critical Paths under _main in BANK1

    None.

Critical Paths under _isr in BANK1

    None.

Critical Paths under _main in BANK3

    None.

Critical Paths under _isr in BANK3

    None.

Critical Paths under _main in BANK2

    None.

Critical Paths under _isr in BANK2

    None.

Call Graph Tables:

 ---------------------------------------------------------------------------------
 (Depth) Function   	        Calls       Base Space   Used Autos Params    Refs
 ---------------------------------------------------------------------------------
 (0) _main                                                 3     3      0       0
                                              0 BANK0      3     3      0
 ---------------------------------------------------------------------------------
 Estimated maximum stack depth 0
 ---------------------------------------------------------------------------------
 (Depth) Function   	        Calls       Base Space   Used Autos Params    Refs
 ---------------------------------------------------------------------------------
 (1) _isr                                                  5     5      0     122
                                              6 COMMON     5     5      0
                         _ledchoptat
                         _ledsangdon
                        _ledsangduoi
 ---------------------------------------------------------------------------------
 (2) _ledsangduoi                                          3     3      0       0
                                              0 COMMON     3     3      0
 ---------------------------------------------------------------------------------
 (2) _ledsangdon                                           6     4      2     122
                                              0 COMMON     6     4      2
 ---------------------------------------------------------------------------------
 (2) _ledchoptat                                           3     3      0       0
                                              0 COMMON     3     3      0
 ---------------------------------------------------------------------------------
 Estimated maximum stack depth 2
 ---------------------------------------------------------------------------------

 Call Graph Graphs:

 _main (ROOT)

 _isr (ROOT)
   _ledchoptat
   _ledsangdon
   _ledsangduoi

 Address spaces:
Name               Size   Autos  Total    Cost      Usage
BANK3               60      0       0       9        0.0%
BITBANK3            60      0       0       8        0.0%
SFR3                 0      0       0       4        0.0%
BITSFR3              0      0       0       4        0.0%
BANK2               60      0       0      11        0.0%
BITBANK2            60      0       0      10        0.0%
SFR2                 0      0       0       5        0.0%
BITSFR2              0      0       0       5        0.0%
BANK1               50      0       0       7        0.0%
BITBANK1            50      0       0       6        0.0%
SFR1                 0      0       0       2        0.0%
BITSFR1              0      0       0       2        0.0%
BANK0               50      3       B       5       13.8%
BITBANK0            50      0       0       4        0.0%
SFR0                 0      0       0       1        0.0%
BITSFR0              0      0       0       1        0.0%
COMMON               E      B       D       1       92.9%
BITCOMMON            E      0       0       0        0.0%
CODE                 0      0       0       0        0.0%
DATA                 0      0      18      12        0.0%
ABS                  0      0      18       3        0.0%
NULL                 0      0       0       0        0.0%
STACK                0      0       0       2        0.0%
EEDATA             100      0       0       0        0.0%


Microchip Technology PIC Macro Assembler V2.40 build 20220703182018 
Symbol Table                                                                                   Sat Apr 08 20:52:20 2023

                      _i 007B                        _j 007C                        pc 0002  
                     fsr 0004                      l850 009A                      l860 00B4  
                    l852 00AF                      l870 00DE                      l862 00B5  
                    l854 00B0                      l846 008D                      l864 00CA  
                    l856 00B2                      l848 0097                      l866 00CD  
                    l858 00B3                      l868 00DB                      _GIE 005F  
                    _RB0 0030                      _RB1 0031                      _RB2 0032  
                    _RE0 0048                      u300 00AC                      u301 00A8  
                    u320 00BD                      u304 00A5                      u321 00B9  
                    u330 00C7                      u314 00AF                      u331 00C3  
                    u334 00C0                      u344 00CA                      u290 00A2  
                    u291 009E                      u357 00D5                      u367 00E6  
                    _led 0020                      _isr 00F0                      fsr0 0004  
                    indf 0000                     ?_isr 0070                     _INTF 0059  
                   _RBIE 005B                     _RBIF 0058                     i1l53 0196  
                   i1l58 0171                     i1l74 010D                     i1l69 008C  
                   i1l86 0143                     i1l78 0126                     _WPUB 0095  
           ?_ledsangduoi 0070                     _main 008D                     btemp 007E  
                   start 000E                    ??_isr 0076                    ?_main 0070  
                  _ANSEL 0188                    _IOCB0 04B0                    _IOCB1 04B1  
                  _IOCB2 04B2                    i1l800 0027                    i1l810 0042  
                  i1l802 0028                    i1l812 004F                    i1l814 0053  
                  i1l822 007B                    i1l806 002F                    i1l830 0102  
                  i1l816 0065                    i1l808 0031                    i1l824 007E  
                  i1l840 012A                    i1l832 0107                    i1l690 0186  
                  i1l818 0076                    i1l842 0134                    i1l834 0111  
                  i1l826 00F0                    i1l844 013D                    i1l836 011B  
                  i1l828 00F8                    i1l686 0172                    i1l790 015C  
                  i1l782 014C                    i1l838 0120                    i1l688 0183  
                  i1l792 0169                    i1l784 014D                    i1l796 016E  
                  i1l788 0154                    i1l798 0025                    u20_24 003B  
                  u20_25 0038                    u21_20 0065                    u21_21 0064  
                  u21_25 0061                    u22_20 008C                    u22_21 008B  
                  u23_20 00F8                    u23_21 00F7                    u24_20 010D  
                  u24_21 010C                    u40_27 0162                    u25_20 0111  
                  u25_21 0110                    u41_27 0048                    u18_20 0153  
                  u26_20 0126                    u18_21 0152                    u26_21 0125  
                  u42_27 006F                    u19_20 002E                    u27_20 012A  
                  u19_21 002D                    u27_21 0129                    _PORTD 0008  
                  u43_27 017C                    u28_20 0143                    u28_21 0142  
                  u44_27 018C                    u37_27 00FC                    u38_27 0115  
                  u39_27 012E                    _TRISD 0088                    _nRBPU 040F  
                  pclath 000A                    status 0003                    wtemp0 007E  
            ledsangdon@a 0075              ledsangdon@n 0070          __initialization 0011  
           __end_of_main 00F0                   ??_main 0028                   _ANSELH 0189  
                 _TRISB0 0430                   _TRISB1 0431                   _TRISB2 0432  
                 _TRISE0 0448                   saved_w 007E  __end_of__initialization 0021  
         __pcstackCOMMON 0070             __pidataBANK0 01AA               __pmaintext 008D  
             __pintentry 0004               _ledchoptat 0172               _ledsangdon 0025  
                __ptext1 00F0                  __ptext2 014C                  __ptext3 0025  
                __ptext4 0172     end_of_initialization 0021              ?_ledchoptat 0070  
            ?_ledsangdon 0070      start_initialization 0011              __end_of_isr 014C  
          ??_ledsangduoi 0070               init_fetch0 0197              __pdataBANK0 0020  
            __pbssCOMMON 007B                ___latbits 0002            __pcstackBANK0 0028  
    __end_of_ledsangduoi 0172        interrupt_function 0004             ??_ledchoptat 0070  
            _ledsangduoi 014C             ??_ledsangdon 0072       __end_of_ledchoptat 0197  
     __end_of_ledsangdon 008D                 init_ram0 019B                 intlevel1 0000  
